


##### Date: 03/18/2016 18:20#####


Getting runs summary..

################## Calculating results summary ##################

Processing /bin/sh: 1: Syntax error: "(" unexpected



##### Date: 03/18/2016 18:21#####


Getting runs summary..

################## Calculating results summary ##################

Processing /bin/sh: 1: Syntax error: "(" unexpected



##### Date: 03/18/2016 18:21#####


Getting runs summary..

################## Calculating results summary ##################

Processing /home/tim/Dropbox (MIT)/PhD/CODE/molSimplifyGUI/Runs/POSTPROC/Cotpp1x1ammo1carbII4/cobtpxamca3/cobtpxamca3.out
Processing /home/tim/Dropbox (MIT)/PhD/CODE/molSimplifyGUI/Runs/POSTPROC/Cotpp1x1ammo1carbII4/cobtpxamcaR/cobtpxamcaR.out
Processing /home/tim/Dropbox (MIT)/PhD/CODE/molSimplifyGUI/Runs/POSTPROC/cobam/cobam.gout
Processing /home/tim/Dropbox (MIT)/PhD/CODE/molSimplifyGUI/Runs/POSTPROC/Cotpp1x1ammo1carbIII1/cobtpxamca3/cobtpxamca3.out
Processing /home/tim/Dropbox (MIT)/PhD/CODE/molSimplifyGUI/Runs/POSTPROC/CO-R/co.out
Processing /home/tim/Dropbox (MIT)/PhD/CODE/molSimplifyGUI/Runs/POSTPROC/CO-U/co.out
################## Calculating results summary ##################

Processing /home/tim/Dropbox (MIT)/PhD/CODE/molSimplifyGUI/Runs/POSTPROC/Cotpp1x1ammo1carbII4/cobtpxamca3/cobtpxamca3.out
Processing /home/tim/Dropbox (MIT)/PhD/CODE/molSimplifyGUI/Runs/POSTPROC/Cotpp1x1ammo1carbII4/cobtpxamcaR/cobtpxamcaR.out
Processing /home/tim/Dropbox (MIT)/PhD/CODE/molSimplifyGUI/Runs/POSTPROC/cobam/cobam.gout
Processing /home/tim/Dropbox (MIT)/PhD/CODE/molSimplifyGUI/Runs/POSTPROC/Cotpp1x1ammo1carbIII1/cobtpxamca3/cobtpxamca3.out
Processing /home/tim/Dropbox (MIT)/PhD/CODE/molSimplifyGUI/Runs/POSTPROC/CO-R/co.out
Processing /home/tim/Dropbox (MIT)/PhD/CODE/molSimplifyGUI/Runs/POSTPROC/CO-U/co.out



##### Date: 03/18/2016 18:21#####


Getting runs summary..

################## Calculating results summary ##################

Processing /home/tim/Dropbox (MIT)/PhD/CODE/molSimplifyGUI/Runs/POSTPROC/Cotpp1x1ammo1carbII4/cobtpxamca3/cobtpxamca3.out
Processing /home/tim/Dropbox (MIT)/PhD/CODE/molSimplifyGUI/Runs/POSTPROC/Cotpp1x1ammo1carbII4/cobtpxamcaR/cobtpxamcaR.out
Processing /home/tim/Dropbox (MIT)/PhD/CODE/molSimplifyGUI/Runs/POSTPROC/cobam/cobam.gout
Processing /home/tim/Dropbox (MIT)/PhD/CODE/molSimplifyGUI/Runs/POSTPROC/Cotpp1x1ammo1carbIII1/cobtpxamca3/cobtpxamca3.out
Processing /home/tim/Dropbox (MIT)/PhD/CODE/molSimplifyGUI/Runs/POSTPROC/CO-R/co.out
Processing /home/tim/Dropbox (MIT)/PhD/CODE/molSimplifyGUI/Runs/POSTPROC/CO-U/co.out
################## Calculating results summary ##################

Processing /home/tim/Dropbox (MIT)/PhD/CODE/molSimplifyGUI/Runs/POSTPROC/Cotpp1x1ammo1carbII4/cobtpxamca3/cobtpxamca3.out
Processing /home/tim/Dropbox (MIT)/PhD/CODE/molSimplifyGUI/Runs/POSTPROC/Cotpp1x1ammo1carbII4/cobtpxamcaR/cobtpxamcaR.out
Processing /home/tim/Dropbox (MIT)/PhD/CODE/molSimplifyGUI/Runs/POSTPROC/cobam/cobam.gout
Processing /home/tim/Dropbox (MIT)/PhD/CODE/molSimplifyGUI/Runs/POSTPROC/Cotpp1x1ammo1carbIII1/cobtpxamca3/cobtpxamca3.out
Processing /home/tim/Dropbox (MIT)/PhD/CODE/molSimplifyGUI/Runs/POSTPROC/CO-R/co.out
Processing /home/tim/Dropbox (MIT)/PhD/CODE/molSimplifyGUI/Runs/POSTPROC/CO-U/co.out



##### Date: 03/18/2016 18:26#####


Getting runs summary..

################## Calculating results summary ##################

Processing /Users/timis/Dropbox (MIT)/PhD/CODE/molSimplifyGUI/Runs/POSTPROC/CO-R/co.out
Processing /Users/timis/Dropbox (MIT)/PhD/CODE/molSimplifyGUI/Runs/POSTPROC/CO-U/co.out
Processing /Users/timis/Dropbox (MIT)/PhD/CODE/molSimplifyGUI/Runs/POSTPROC/cobam/cobam.gout
Processing /Users/timis/Dropbox (MIT)/PhD/CODE/molSimplifyGUI/Runs/POSTPROC/Cotpp1x1ammo1carbII4/cobtpxamca3/cobtpxamca3.out
Processing /Users/timis/Dropbox (MIT)/PhD/CODE/molSimplifyGUI/Runs/POSTPROC/Cotpp1x1ammo1carbII4/cobtpxamcaR/cobtpxamcaR.out
Processing /Users/timis/Dropbox (MIT)/PhD/CODE/molSimplifyGUI/Runs/POSTPROC/Cotpp1x1ammo1carbIII1/cobtpxamca3/cobtpxamca3.out
################## Calculating results summary ##################

Processing /Users/timis/Dropbox (MIT)/PhD/CODE/molSimplifyGUI/Runs/POSTPROC/CO-R/co.out
Processing /Users/timis/Dropbox (MIT)/PhD/CODE/molSimplifyGUI/Runs/POSTPROC/CO-U/co.out
Processing /Users/timis/Dropbox (MIT)/PhD/CODE/molSimplifyGUI/Runs/POSTPROC/cobam/cobam.gout
Processing /Users/timis/Dropbox (MIT)/PhD/CODE/molSimplifyGUI/Runs/POSTPROC/Cotpp1x1ammo1carbII4/cobtpxamca3/cobtpxamca3.out
Processing /Users/timis/Dropbox (MIT)/PhD/CODE/molSimplifyGUI/Runs/POSTPROC/Cotpp1x1ammo1carbII4/cobtpxamcaR/cobtpxamcaR.out
Processing /Users/timis/Dropbox (MIT)/PhD/CODE/molSimplifyGUI/Runs/POSTPROC/Cotpp1x1ammo1carbIII1/cobtpxamca3/cobtpxamca3.out



##### Date: 03/21/2016 17:22#####


Getting runs summary..

################## Calculating results summary ##################

Processing /home/tim/Dropbox (MIT)/PhD/CODE/molSimplifyGUI/Runs/POSTPROC/Cotpp1x1ammo1carbII4/cobtpxamca3/cobtpxamca3.out
Processing /home/tim/Dropbox (MIT)/PhD/CODE/molSimplifyGUI/Runs/POSTPROC/Cotpp1x1ammo1carbII4/cobtpxamcaR/cobtpxamcaR.out
Processing /home/tim/Dropbox (MIT)/PhD/CODE/molSimplifyGUI/Runs/POSTPROC/Cotpp1x1ammo1carbIII1/cobtpxamca3/cobtpxamca3.out
Processing /home/tim/Dropbox (MIT)/PhD/CODE/molSimplifyGUI/Runs/POSTPROC/CO-R/co.out
Processing /home/tim/Dropbox (MIT)/PhD/CODE/molSimplifyGUI/Runs/POSTPROC/CO-U/co.out
################## Calculating results summary ##################

Processing /home/tim/Dropbox (MIT)/PhD/CODE/molSimplifyGUI/Runs/POSTPROC/Cotpp1x1ammo1carbII4/cobtpxamca3/cobtpxamca3.out
Processing /home/tim/Dropbox (MIT)/PhD/CODE/molSimplifyGUI/Runs/POSTPROC/Cotpp1x1ammo1carbII4/cobtpxamcaR/cobtpxamcaR.out
Processing /home/tim/Dropbox (MIT)/PhD/CODE/molSimplifyGUI/Runs/POSTPROC/Cotpp1x1ammo1carbIII1/cobtpxamca3/cobtpxamca3.out
Processing /home/tim/Dropbox (MIT)/PhD/CODE/molSimplifyGUI/Runs/POSTPROC/CO-R/co.out
Processing /home/tim/Dropbox (MIT)/PhD/CODE/molSimplifyGUI/Runs/POSTPROC/CO-U/co.out

Getting NBO summary..

Processing /home/tim/Dropbox (MIT)/PhD/CODE/molSimplifyGUI/Runs/POSTPROC/Cotpp1x1ammo1carbII4/cobtpxamca3/cobtpxamca3.out
Processing /home/tim/Dropbox (MIT)/PhD/CODE/molSimplifyGUI/Runs/POSTPROC/Cotpp1x1ammo1carbII4/cobtpxamcaR/cobtpxamcaR.out
Processing /home/tim/Dropbox (MIT)/PhD/CODE/molSimplifyGUI/Runs/POSTPROC/Cotpp1x1ammo1carbIII1/cobtpxamca3/cobtpxamca3.out
Processing /home/tim/Dropbox (MIT)/PhD/CODE/molSimplifyGUI/Runs/POSTPROC/CO-R/co.out
Processing /home/tim/Dropbox (MIT)/PhD/CODE/molSimplifyGUI/Runs/POSTPROC/CO-U/co.out

Getting MO information..

Processing /home/tim/Dropbox (MIT)/PhD/CODE/molSimplifyGUI/Runs/POSTPROC/Cotpp1x1ammo1carbII4/cobtpxamca3/scr/cobtpxamca3.molden
Processing /home/tim/Dropbox (MIT)/PhD/CODE/molSimplifyGUI/Runs/POSTPROC/Cotpp1x1ammo1carbII4/cobtpxamcaR/scr/cobtpxamcaR.molden
Processing /home/tim/Dropbox (MIT)/PhD/CODE/molSimplifyGUI/Runs/POSTPROC/Cotpp1x1ammo1carbIII1/cobtpxamca3/scr/cobtpxamca3.molden
Processing /home/tim/Dropbox (MIT)/PhD/CODE/molSimplifyGUI/Runs/POSTPROC/CO-R/scr/co.molden
Processing /home/tim/Dropbox (MIT)/PhD/CODE/molSimplifyGUI/Runs/POSTPROC/CO-U/scr/co.molden



##### Date: 03/21/2016 17:23#####


Getting runs summary..

################## Calculating results summary ##################

Processing /home/tim/Dropbox (MIT)/PhD/CODE/molSimplifyGUI/Runs/POSTPROC/Cotpp1x1ammo1carbII4/cobtpxamca3/cobtpxamca3.out
Processing /home/tim/Dropbox (MIT)/PhD/CODE/molSimplifyGUI/Runs/POSTPROC/Cotpp1x1ammo1carbII4/cobtpxamcaR/cobtpxamcaR.out
Processing /home/tim/Dropbox (MIT)/PhD/CODE/molSimplifyGUI/Runs/POSTPROC/Cotpp1x1ammo1carbIII1/cobtpxamca3/cobtpxamca3.out
Processing /home/tim/Dropbox (MIT)/PhD/CODE/molSimplifyGUI/Runs/POSTPROC/CO-R/co.out
Processing /home/tim/Dropbox (MIT)/PhD/CODE/molSimplifyGUI/Runs/POSTPROC/CO-U/co.out
################## Calculating results summary ##################

Processing /home/tim/Dropbox (MIT)/PhD/CODE/molSimplifyGUI/Runs/POSTPROC/Cotpp1x1ammo1carbII4/cobtpxamca3/cobtpxamca3.out
Processing /home/tim/Dropbox (MIT)/PhD/CODE/molSimplifyGUI/Runs/POSTPROC/Cotpp1x1ammo1carbII4/cobtpxamcaR/cobtpxamcaR.out
Processing /home/tim/Dropbox (MIT)/PhD/CODE/molSimplifyGUI/Runs/POSTPROC/Cotpp1x1ammo1carbIII1/cobtpxamca3/cobtpxamca3.out
Processing /home/tim/Dropbox (MIT)/PhD/CODE/molSimplifyGUI/Runs/POSTPROC/CO-R/co.out
Processing /home/tim/Dropbox (MIT)/PhD/CODE/molSimplifyGUI/Runs/POSTPROC/CO-U/co.out

Getting NBO summary..

Processing /home/tim/Dropbox (MIT)/PhD/CODE/molSimplifyGUI/Runs/POSTPROC/Cotpp1x1ammo1carbII4/cobtpxamca3/cobtpxamca3.out
Processing /home/tim/Dropbox (MIT)/PhD/CODE/molSimplifyGUI/Runs/POSTPROC/Cotpp1x1ammo1carbII4/cobtpxamcaR/cobtpxamcaR.out
Processing /home/tim/Dropbox (MIT)/PhD/CODE/molSimplifyGUI/Runs/POSTPROC/Cotpp1x1ammo1carbIII1/cobtpxamca3/cobtpxamca3.out
Processing /home/tim/Dropbox (MIT)/PhD/CODE/molSimplifyGUI/Runs/POSTPROC/CO-R/co.out
Processing /home/tim/Dropbox (MIT)/PhD/CODE/molSimplifyGUI/Runs/POSTPROC/CO-U/co.out

Getting MO information..

Processing /home/tim/Dropbox (MIT)/PhD/CODE/molSimplifyGUI/Runs/POSTPROC/Cotpp1x1ammo1carbII4/cobtpxamca3/scr/cobtpxamca3.molden
Processing /home/tim/Dropbox (MIT)/PhD/CODE/molSimplifyGUI/Runs/POSTPROC/Cotpp1x1ammo1carbII4/cobtpxamcaR/scr/cobtpxamcaR.molden
Processing /home/tim/Dropbox (MIT)/PhD/CODE/molSimplifyGUI/Runs/POSTPROC/Cotpp1x1ammo1carbIII1/cobtpxamca3/scr/cobtpxamca3.molden
Processing /home/tim/Dropbox (MIT)/PhD/CODE/molSimplifyGUI/Runs/POSTPROC/CO-R/scr/co.molden
Processing /home/tim/Dropbox (MIT)/PhD/CODE/molSimplifyGUI/Runs/POSTPROC/CO-U/scr/co.molden



##### Date: 03/21/2016 17:23#####


Getting runs summary..

################## Calculating results summary ##################

Processing /home/tim/Dropbox (MIT)/PhD/CODE/molSimplifyGUI/Runs/POSTPROC/Cotpp1x1ammo1carbII4/cobtpxamca3/cobtpxamca3.out
Processing /home/tim/Dropbox (MIT)/PhD/CODE/molSimplifyGUI/Runs/POSTPROC/Cotpp1x1ammo1carbII4/cobtpxamcaR/cobtpxamcaR.out
Processing /home/tim/Dropbox (MIT)/PhD/CODE/molSimplifyGUI/Runs/POSTPROC/Cotpp1x1ammo1carbIII1/cobtpxamca3/cobtpxamca3.out
Processing /home/tim/Dropbox (MIT)/PhD/CODE/molSimplifyGUI/Runs/POSTPROC/CO-R/co.out
Processing /home/tim/Dropbox (MIT)/PhD/CODE/molSimplifyGUI/Runs/POSTPROC/CO-U/co.out
################## Calculating results summary ##################

Processing /home/tim/Dropbox (MIT)/PhD/CODE/molSimplifyGUI/Runs/POSTPROC/Cotpp1x1ammo1carbII4/cobtpxamca3/cobtpxamca3.out
Processing /home/tim/Dropbox (MIT)/PhD/CODE/molSimplifyGUI/Runs/POSTPROC/Cotpp1x1ammo1carbII4/cobtpxamcaR/cobtpxamcaR.out
Processing /home/tim/Dropbox (MIT)/PhD/CODE/molSimplifyGUI/Runs/POSTPROC/Cotpp1x1ammo1carbIII1/cobtpxamca3/cobtpxamca3.out
Processing /home/tim/Dropbox (MIT)/PhD/CODE/molSimplifyGUI/Runs/POSTPROC/CO-R/co.out
Processing /home/tim/Dropbox (MIT)/PhD/CODE/molSimplifyGUI/Runs/POSTPROC/CO-U/co.out

Getting NBO summary..

Processing /home/tim/Dropbox (MIT)/PhD/CODE/molSimplifyGUI/Runs/POSTPROC/Cotpp1x1ammo1carbII4/cobtpxamca3/cobtpxamca3.out
Processing /home/tim/Dropbox (MIT)/PhD/CODE/molSimplifyGUI/Runs/POSTPROC/Cotpp1x1ammo1carbII4/cobtpxamcaR/cobtpxamcaR.out
Processing /home/tim/Dropbox (MIT)/PhD/CODE/molSimplifyGUI/Runs/POSTPROC/Cotpp1x1ammo1carbIII1/cobtpxamca3/cobtpxamca3.out
Processing /home/tim/Dropbox (MIT)/PhD/CODE/molSimplifyGUI/Runs/POSTPROC/CO-R/co.out
Processing /home/tim/Dropbox (MIT)/PhD/CODE/molSimplifyGUI/Runs/POSTPROC/CO-U/co.out

Getting MO information..

Processing /home/tim/Dropbox (MIT)/PhD/CODE/molSimplifyGUI/Runs/POSTPROC/Cotpp1x1ammo1carbII4/cobtpxamca3/scr/cobtpxamca3.molden
Processing /home/tim/Dropbox (MIT)/PhD/CODE/molSimplifyGUI/Runs/POSTPROC/Cotpp1x1ammo1carbII4/cobtpxamcaR/scr/cobtpxamcaR.molden
Processing /home/tim/Dropbox (MIT)/PhD/CODE/molSimplifyGUI/Runs/POSTPROC/Cotpp1x1ammo1carbIII1/cobtpxamca3/scr/cobtpxamca3.molden
Processing /home/tim/Dropbox (MIT)/PhD/CODE/molSimplifyGUI/Runs/POSTPROC/CO-R/scr/co.molden
Processing /home/tim/Dropbox (MIT)/PhD/CODE/molSimplifyGUI/Runs/POSTPROC/CO-U/scr/co.molden



##### Date: 03/21/2016 17:25#####


Getting runs summary..

################## Calculating results summary ##################

Processing /home/tim/Dropbox (MIT)/PhD/CODE/molSimplifyGUI/Runs/POSTPROC/Cotpp1x1ammo1carbII4/cobtpxamca3/cobtpxamca3.out
Processing /home/tim/Dropbox (MIT)/PhD/CODE/molSimplifyGUI/Runs/POSTPROC/Cotpp1x1ammo1carbII4/cobtpxamcaR/cobtpxamcaR.out
Processing /home/tim/Dropbox (MIT)/PhD/CODE/molSimplifyGUI/Runs/POSTPROC/Cotpp1x1ammo1carbIII1/cobtpxamca3/cobtpxamca3.out
Processing /home/tim/Dropbox (MIT)/PhD/CODE/molSimplifyGUI/Runs/POSTPROC/CO-R/co.out
Processing /home/tim/Dropbox (MIT)/PhD/CODE/molSimplifyGUI/Runs/POSTPROC/CO-U/co.out
################## Calculating results summary ##################

Processing /home/tim/Dropbox (MIT)/PhD/CODE/molSimplifyGUI/Runs/POSTPROC/Cotpp1x1ammo1carbII4/cobtpxamca3/cobtpxamca3.out
Processing /home/tim/Dropbox (MIT)/PhD/CODE/molSimplifyGUI/Runs/POSTPROC/Cotpp1x1ammo1carbII4/cobtpxamcaR/cobtpxamcaR.out
Processing /home/tim/Dropbox (MIT)/PhD/CODE/molSimplifyGUI/Runs/POSTPROC/Cotpp1x1ammo1carbIII1/cobtpxamca3/cobtpxamca3.out
Processing /home/tim/Dropbox (MIT)/PhD/CODE/molSimplifyGUI/Runs/POSTPROC/CO-R/co.out
Processing /home/tim/Dropbox (MIT)/PhD/CODE/molSimplifyGUI/Runs/POSTPROC/CO-U/co.out

Getting NBO summary..

Processing /home/tim/Dropbox (MIT)/PhD/CODE/molSimplifyGUI/Runs/POSTPROC/Cotpp1x1ammo1carbII4/cobtpxamca3/cobtpxamca3.out
Processing /home/tim/Dropbox (MIT)/PhD/CODE/molSimplifyGUI/Runs/POSTPROC/Cotpp1x1ammo1carbII4/cobtpxamcaR/cobtpxamcaR.out
Processing /home/tim/Dropbox (MIT)/PhD/CODE/molSimplifyGUI/Runs/POSTPROC/Cotpp1x1ammo1carbIII1/cobtpxamca3/cobtpxamca3.out
Processing /home/tim/Dropbox (MIT)/PhD/CODE/molSimplifyGUI/Runs/POSTPROC/CO-R/co.out
Processing /home/tim/Dropbox (MIT)/PhD/CODE/molSimplifyGUI/Runs/POSTPROC/CO-U/co.out

Getting MO information..

Processing /home/tim/Dropbox (MIT)/PhD/CODE/molSimplifyGUI/Runs/POSTPROC/Cotpp1x1ammo1carbII4/cobtpxamca3/scr/cobtpxamca3.molden
Processing /home/tim/Dropbox (MIT)/PhD/CODE/molSimplifyGUI/Runs/POSTPROC/Cotpp1x1ammo1carbII4/cobtpxamcaR/scr/cobtpxamcaR.molden
Processing /home/tim/Dropbox (MIT)/PhD/CODE/molSimplifyGUI/Runs/POSTPROC/Cotpp1x1ammo1carbIII1/cobtpxamca3/scr/cobtpxamca3.molden
Processing /home/tim/Dropbox (MIT)/PhD/CODE/molSimplifyGUI/Runs/POSTPROC/CO-R/scr/co.molden
Processing /home/tim/Dropbox (MIT)/PhD/CODE/molSimplifyGUI/Runs/POSTPROC/CO-U/scr/co.molden



##### Date: 03/21/2016 17:25#####


Getting runs summary..

################## Calculating results summary ##################

Processing /home/tim/Dropbox (MIT)/PhD/CODE/molSimplifyGUI/Runs/POSTPROC/Cotpp1x1ammo1carbII4/cobtpxamca3/cobtpxamca3.out
Processing /home/tim/Dropbox (MIT)/PhD/CODE/molSimplifyGUI/Runs/POSTPROC/Cotpp1x1ammo1carbII4/cobtpxamcaR/cobtpxamcaR.out
Processing /home/tim/Dropbox (MIT)/PhD/CODE/molSimplifyGUI/Runs/POSTPROC/Cotpp1x1ammo1carbIII1/cobtpxamca3/cobtpxamca3.out
Processing /home/tim/Dropbox (MIT)/PhD/CODE/molSimplifyGUI/Runs/POSTPROC/CO-R/co.out
Processing /home/tim/Dropbox (MIT)/PhD/CODE/molSimplifyGUI/Runs/POSTPROC/CO-U/co.out
################## Calculating results summary ##################

Processing /home/tim/Dropbox (MIT)/PhD/CODE/molSimplifyGUI/Runs/POSTPROC/Cotpp1x1ammo1carbII4/cobtpxamca3/cobtpxamca3.out
Processing /home/tim/Dropbox (MIT)/PhD/CODE/molSimplifyGUI/Runs/POSTPROC/Cotpp1x1ammo1carbII4/cobtpxamcaR/cobtpxamcaR.out
Processing /home/tim/Dropbox (MIT)/PhD/CODE/molSimplifyGUI/Runs/POSTPROC/Cotpp1x1ammo1carbIII1/cobtpxamca3/cobtpxamca3.out
Processing /home/tim/Dropbox (MIT)/PhD/CODE/molSimplifyGUI/Runs/POSTPROC/CO-R/co.out
Processing /home/tim/Dropbox (MIT)/PhD/CODE/molSimplifyGUI/Runs/POSTPROC/CO-U/co.out

Getting NBO summary..

Processing /home/tim/Dropbox (MIT)/PhD/CODE/molSimplifyGUI/Runs/POSTPROC/Cotpp1x1ammo1carbII4/cobtpxamca3/cobtpxamca3.out
Processing /home/tim/Dropbox (MIT)/PhD/CODE/molSimplifyGUI/Runs/POSTPROC/Cotpp1x1ammo1carbII4/cobtpxamcaR/cobtpxamcaR.out
Processing /home/tim/Dropbox (MIT)/PhD/CODE/molSimplifyGUI/Runs/POSTPROC/Cotpp1x1ammo1carbIII1/cobtpxamca3/cobtpxamca3.out
Processing /home/tim/Dropbox (MIT)/PhD/CODE/molSimplifyGUI/Runs/POSTPROC/CO-R/co.out
Processing /home/tim/Dropbox (MIT)/PhD/CODE/molSimplifyGUI/Runs/POSTPROC/CO-U/co.out

Getting MO information..

Processing /home/tim/Dropbox (MIT)/PhD/CODE/molSimplifyGUI/Runs/POSTPROC/Cotpp1x1ammo1carbII4/cobtpxamca3/scr/cobtpxamca3.molden
Processing /home/tim/Dropbox (MIT)/PhD/CODE/molSimplifyGUI/Runs/POSTPROC/Cotpp1x1ammo1carbII4/cobtpxamcaR/scr/cobtpxamcaR.molden
Processing /home/tim/Dropbox (MIT)/PhD/CODE/molSimplifyGUI/Runs/POSTPROC/Cotpp1x1ammo1carbIII1/cobtpxamca3/scr/cobtpxamca3.molden
Processing /home/tim/Dropbox (MIT)/PhD/CODE/molSimplifyGUI/Runs/POSTPROC/CO-R/scr/co.molden
Processing /home/tim/Dropbox (MIT)/PhD/CODE/molSimplifyGUI/Runs/POSTPROC/CO-U/scr/co.molden



##### Date: 03/21/2016 17:28#####


Getting runs summary..

################## Calculating results summary ##################

Processing /home/tim/Dropbox (MIT)/PhD/CODE/molSimplifyGUI/Runs/POSTPROC/Cotpp1x1ammo1carbII4/cobtpxamca3/cobtpxamca3.out
Processing /home/tim/Dropbox (MIT)/PhD/CODE/molSimplifyGUI/Runs/POSTPROC/Cotpp1x1ammo1carbII4/cobtpxamcaR/cobtpxamcaR.out
Processing /home/tim/Dropbox (MIT)/PhD/CODE/molSimplifyGUI/Runs/POSTPROC/Cotpp1x1ammo1carbIII1/cobtpxamca3/cobtpxamca3.out
Processing /home/tim/Dropbox (MIT)/PhD/CODE/molSimplifyGUI/Runs/POSTPROC/CO-R/co.out
Processing /home/tim/Dropbox (MIT)/PhD/CODE/molSimplifyGUI/Runs/POSTPROC/CO-U/co.out
################## Calculating results summary ##################

Processing /home/tim/Dropbox (MIT)/PhD/CODE/molSimplifyGUI/Runs/POSTPROC/Cotpp1x1ammo1carbII4/cobtpxamca3/cobtpxamca3.out
Processing /home/tim/Dropbox (MIT)/PhD/CODE/molSimplifyGUI/Runs/POSTPROC/Cotpp1x1ammo1carbII4/cobtpxamcaR/cobtpxamcaR.out
Processing /home/tim/Dropbox (MIT)/PhD/CODE/molSimplifyGUI/Runs/POSTPROC/Cotpp1x1ammo1carbIII1/cobtpxamca3/cobtpxamca3.out
Processing /home/tim/Dropbox (MIT)/PhD/CODE/molSimplifyGUI/Runs/POSTPROC/CO-R/co.out
Processing /home/tim/Dropbox (MIT)/PhD/CODE/molSimplifyGUI/Runs/POSTPROC/CO-U/co.out

Getting NBO summary..

Processing /home/tim/Dropbox (MIT)/PhD/CODE/molSimplifyGUI/Runs/POSTPROC/Cotpp1x1ammo1carbII4/cobtpxamca3/cobtpxamca3.out
Processing /home/tim/Dropbox (MIT)/PhD/CODE/molSimplifyGUI/Runs/POSTPROC/Cotpp1x1ammo1carbII4/cobtpxamcaR/cobtpxamcaR.out
Processing /home/tim/Dropbox (MIT)/PhD/CODE/molSimplifyGUI/Runs/POSTPROC/Cotpp1x1ammo1carbIII1/cobtpxamca3/cobtpxamca3.out
Processing /home/tim/Dropbox (MIT)/PhD/CODE/molSimplifyGUI/Runs/POSTPROC/CO-R/co.out
Processing /home/tim/Dropbox (MIT)/PhD/CODE/molSimplifyGUI/Runs/POSTPROC/CO-U/co.out

Getting MO information..

Processing /home/tim/Dropbox (MIT)/PhD/CODE/molSimplifyGUI/Runs/POSTPROC/Cotpp1x1ammo1carbII4/cobtpxamca3/scr/cobtpxamca3.molden



##### Date: 03/21/2016 17:28#####


Getting runs summary..

################## Calculating results summary ##################

Processing /home/tim/Dropbox (MIT)/PhD/CODE/molSimplifyGUI/Runs/POSTPROC/Cotpp1x1ammo1carbII4/cobtpxamca3/cobtpxamca3.out
Processing /home/tim/Dropbox (MIT)/PhD/CODE/molSimplifyGUI/Runs/POSTPROC/Cotpp1x1ammo1carbII4/cobtpxamcaR/cobtpxamcaR.out
Processing /home/tim/Dropbox (MIT)/PhD/CODE/molSimplifyGUI/Runs/POSTPROC/Cotpp1x1ammo1carbIII1/cobtpxamca3/cobtpxamca3.out
Processing /home/tim/Dropbox (MIT)/PhD/CODE/molSimplifyGUI/Runs/POSTPROC/CO-R/co.out
Processing /home/tim/Dropbox (MIT)/PhD/CODE/molSimplifyGUI/Runs/POSTPROC/CO-U/co.out
################## Calculating results summary ##################

Processing /home/tim/Dropbox (MIT)/PhD/CODE/molSimplifyGUI/Runs/POSTPROC/Cotpp1x1ammo1carbII4/cobtpxamca3/cobtpxamca3.out
Processing /home/tim/Dropbox (MIT)/PhD/CODE/molSimplifyGUI/Runs/POSTPROC/Cotpp1x1ammo1carbII4/cobtpxamcaR/cobtpxamcaR.out
Processing /home/tim/Dropbox (MIT)/PhD/CODE/molSimplifyGUI/Runs/POSTPROC/Cotpp1x1ammo1carbIII1/cobtpxamca3/cobtpxamca3.out
Processing /home/tim/Dropbox (MIT)/PhD/CODE/molSimplifyGUI/Runs/POSTPROC/CO-R/co.out
Processing /home/tim/Dropbox (MIT)/PhD/CODE/molSimplifyGUI/Runs/POSTPROC/CO-U/co.out

Getting NBO summary..

Processing /home/tim/Dropbox (MIT)/PhD/CODE/molSimplifyGUI/Runs/POSTPROC/Cotpp1x1ammo1carbII4/cobtpxamca3/cobtpxamca3.out
Processing /home/tim/Dropbox (MIT)/PhD/CODE/molSimplifyGUI/Runs/POSTPROC/Cotpp1x1ammo1carbII4/cobtpxamcaR/cobtpxamcaR.out
Processing /home/tim/Dropbox (MIT)/PhD/CODE/molSimplifyGUI/Runs/POSTPROC/Cotpp1x1ammo1carbIII1/cobtpxamca3/cobtpxamca3.out
Processing /home/tim/Dropbox (MIT)/PhD/CODE/molSimplifyGUI/Runs/POSTPROC/CO-R/co.out
Processing /home/tim/Dropbox (MIT)/PhD/CODE/molSimplifyGUI/Runs/POSTPROC/CO-U/co.out

Getting MO information..

Processing /home/tim/Dropbox (MIT)/PhD/CODE/molSimplifyGUI/Runs/POSTPROC/Cotpp1x1ammo1carbII4/cobtpxamca3/scr/cobtpxamca3.molden
Processing /home/tim/Dropbox (MIT)/PhD/CODE/molSimplifyGUI/Runs/POSTPROC/Cotpp1x1ammo1carbII4/cobtpxamcaR/scr/cobtpxamcaR.molden
Processing /home/tim/Dropbox (MIT)/PhD/CODE/molSimplifyGUI/Runs/POSTPROC/Cotpp1x1ammo1carbIII1/cobtpxamca3/scr/cobtpxamca3.molden
Processing /home/tim/Dropbox (MIT)/PhD/CODE/molSimplifyGUI/Runs/POSTPROC/CO-R/scr/co.molden
Processing /home/tim/Dropbox (MIT)/PhD/CODE/molSimplifyGUI/Runs/POSTPROC/CO-U/scr/co.molden



##### Date: 03/21/2016 17:29#####


Getting runs summary..

################## Calculating results summary ##################

Processing /home/tim/Dropbox (MIT)/PhD/CODE/molSimplifyGUI/Runs/POSTPROC/Cotpp1x1ammo1carbII4/cobtpxamca3/cobtpxamca3.out
Processing /home/tim/Dropbox (MIT)/PhD/CODE/molSimplifyGUI/Runs/POSTPROC/Cotpp1x1ammo1carbII4/cobtpxamcaR/cobtpxamcaR.out
Processing /home/tim/Dropbox (MIT)/PhD/CODE/molSimplifyGUI/Runs/POSTPROC/Cotpp1x1ammo1carbIII1/cobtpxamca3/cobtpxamca3.out
Processing /home/tim/Dropbox (MIT)/PhD/CODE/molSimplifyGUI/Runs/POSTPROC/CO-R/co.out
Processing /home/tim/Dropbox (MIT)/PhD/CODE/molSimplifyGUI/Runs/POSTPROC/CO-U/co.out
################## Calculating results summary ##################

Processing /home/tim/Dropbox (MIT)/PhD/CODE/molSimplifyGUI/Runs/POSTPROC/Cotpp1x1ammo1carbII4/cobtpxamca3/cobtpxamca3.out
Processing /home/tim/Dropbox (MIT)/PhD/CODE/molSimplifyGUI/Runs/POSTPROC/Cotpp1x1ammo1carbII4/cobtpxamcaR/cobtpxamcaR.out
Processing /home/tim/Dropbox (MIT)/PhD/CODE/molSimplifyGUI/Runs/POSTPROC/Cotpp1x1ammo1carbIII1/cobtpxamca3/cobtpxamca3.out
Processing /home/tim/Dropbox (MIT)/PhD/CODE/molSimplifyGUI/Runs/POSTPROC/CO-R/co.out
Processing /home/tim/Dropbox (MIT)/PhD/CODE/molSimplifyGUI/Runs/POSTPROC/CO-U/co.out

Getting NBO summary..

Processing /home/tim/Dropbox (MIT)/PhD/CODE/molSimplifyGUI/Runs/POSTPROC/Cotpp1x1ammo1carbII4/cobtpxamca3/cobtpxamca3.out
Processing /home/tim/Dropbox (MIT)/PhD/CODE/molSimplifyGUI/Runs/POSTPROC/Cotpp1x1ammo1carbII4/cobtpxamcaR/cobtpxamcaR.out
Processing /home/tim/Dropbox (MIT)/PhD/CODE/molSimplifyGUI/Runs/POSTPROC/Cotpp1x1ammo1carbIII1/cobtpxamca3/cobtpxamca3.out
Processing /home/tim/Dropbox (MIT)/PhD/CODE/molSimplifyGUI/Runs/POSTPROC/CO-R/co.out
Processing /home/tim/Dropbox (MIT)/PhD/CODE/molSimplifyGUI/Runs/POSTPROC/CO-U/co.out

Getting MO information..

Processing /home/tim/Dropbox (MIT)/PhD/CODE/molSimplifyGUI/Runs/POSTPROC/Cotpp1x1ammo1carbII4/cobtpxamca3/scr/cobtpxamca3.molden
Processing /home/tim/Dropbox (MIT)/PhD/CODE/molSimplifyGUI/Runs/POSTPROC/Cotpp1x1ammo1carbII4/cobtpxamcaR/scr/cobtpxamcaR.molden
Processing /home/tim/Dropbox (MIT)/PhD/CODE/molSimplifyGUI/Runs/POSTPROC/Cotpp1x1ammo1carbIII1/cobtpxamca3/scr/cobtpxamca3.molden
Processing /home/tim/Dropbox (MIT)/PhD/CODE/molSimplifyGUI/Runs/POSTPROC/CO-R/scr/co.molden
Processing /home/tim/Dropbox (MIT)/PhD/CODE/molSimplifyGUI/Runs/POSTPROC/CO-U/scr/co.molden



##### Date: 03/21/2016 17:29#####


Getting runs summary..

################## Calculating results summary ##################

Processing /home/tim/Dropbox (MIT)/PhD/CODE/molSimplifyGUI/Runs/POSTPROC/Cotpp1x1ammo1carbII4/cobtpxamca3/cobtpxamca3.out
Processing /home/tim/Dropbox (MIT)/PhD/CODE/molSimplifyGUI/Runs/POSTPROC/Cotpp1x1ammo1carbII4/cobtpxamcaR/cobtpxamcaR.out
Processing /home/tim/Dropbox (MIT)/PhD/CODE/molSimplifyGUI/Runs/POSTPROC/Cotpp1x1ammo1carbIII1/cobtpxamca3/cobtpxamca3.out
Processing /home/tim/Dropbox (MIT)/PhD/CODE/molSimplifyGUI/Runs/POSTPROC/CO-R/co.out
Processing /home/tim/Dropbox (MIT)/PhD/CODE/molSimplifyGUI/Runs/POSTPROC/CO-U/co.out
################## Calculating results summary ##################

Processing /home/tim/Dropbox (MIT)/PhD/CODE/molSimplifyGUI/Runs/POSTPROC/Cotpp1x1ammo1carbII4/cobtpxamca3/cobtpxamca3.out
Processing /home/tim/Dropbox (MIT)/PhD/CODE/molSimplifyGUI/Runs/POSTPROC/Cotpp1x1ammo1carbII4/cobtpxamcaR/cobtpxamcaR.out
Processing /home/tim/Dropbox (MIT)/PhD/CODE/molSimplifyGUI/Runs/POSTPROC/Cotpp1x1ammo1carbIII1/cobtpxamca3/cobtpxamca3.out
Processing /home/tim/Dropbox (MIT)/PhD/CODE/molSimplifyGUI/Runs/POSTPROC/CO-R/co.out
Processing /home/tim/Dropbox (MIT)/PhD/CODE/molSimplifyGUI/Runs/POSTPROC/CO-U/co.out

Getting NBO summary..

Processing /home/tim/Dropbox (MIT)/PhD/CODE/molSimplifyGUI/Runs/POSTPROC/Cotpp1x1ammo1carbII4/cobtpxamca3/cobtpxamca3.out
Processing /home/tim/Dropbox (MIT)/PhD/CODE/molSimplifyGUI/Runs/POSTPROC/Cotpp1x1ammo1carbII4/cobtpxamcaR/cobtpxamcaR.out
Processing /home/tim/Dropbox (MIT)/PhD/CODE/molSimplifyGUI/Runs/POSTPROC/Cotpp1x1ammo1carbIII1/cobtpxamca3/cobtpxamca3.out
Processing /home/tim/Dropbox (MIT)/PhD/CODE/molSimplifyGUI/Runs/POSTPROC/CO-R/co.out
Processing /home/tim/Dropbox (MIT)/PhD/CODE/molSimplifyGUI/Runs/POSTPROC/CO-U/co.out

Getting MO information..

Processing /home/tim/Dropbox (MIT)/PhD/CODE/molSimplifyGUI/Runs/POSTPROC/Cotpp1x1ammo1carbII4/cobtpxamca3/scr/cobtpxamca3.molden
Processing /home/tim/Dropbox (MIT)/PhD/CODE/molSimplifyGUI/Runs/POSTPROC/Cotpp1x1ammo1carbII4/cobtpxamcaR/scr/cobtpxamcaR.molden
Processing /home/tim/Dropbox (MIT)/PhD/CODE/molSimplifyGUI/Runs/POSTPROC/Cotpp1x1ammo1carbIII1/cobtpxamca3/scr/cobtpxamca3.molden
Processing /home/tim/Dropbox (MIT)/PhD/CODE/molSimplifyGUI/Runs/POSTPROC/CO-R/scr/co.molden
Processing /home/tim/Dropbox (MIT)/PhD/CODE/molSimplifyGUI/Runs/POSTPROC/CO-U/scr/co.molden



##### Date: 03/21/2016 17:30#####


Getting runs summary..

################## Calculating results summary ##################

Processing /home/tim/Dropbox (MIT)/PhD/CODE/molSimplifyGUI/Runs/POSTPROC/Cotpp1x1ammo1carbII4/cobtpxamca3/cobtpxamca3.out
Processing /home/tim/Dropbox (MIT)/PhD/CODE/molSimplifyGUI/Runs/POSTPROC/Cotpp1x1ammo1carbII4/cobtpxamcaR/cobtpxamcaR.out
Processing /home/tim/Dropbox (MIT)/PhD/CODE/molSimplifyGUI/Runs/POSTPROC/Cotpp1x1ammo1carbIII1/cobtpxamca3/cobtpxamca3.out
Processing /home/tim/Dropbox (MIT)/PhD/CODE/molSimplifyGUI/Runs/POSTPROC/CO-R/co.out
Processing /home/tim/Dropbox (MIT)/PhD/CODE/molSimplifyGUI/Runs/POSTPROC/CO-U/co.out
################## Calculating results summary ##################

Processing /home/tim/Dropbox (MIT)/PhD/CODE/molSimplifyGUI/Runs/POSTPROC/Cotpp1x1ammo1carbII4/cobtpxamca3/cobtpxamca3.out
Processing /home/tim/Dropbox (MIT)/PhD/CODE/molSimplifyGUI/Runs/POSTPROC/Cotpp1x1ammo1carbII4/cobtpxamcaR/cobtpxamcaR.out
Processing /home/tim/Dropbox (MIT)/PhD/CODE/molSimplifyGUI/Runs/POSTPROC/Cotpp1x1ammo1carbIII1/cobtpxamca3/cobtpxamca3.out
Processing /home/tim/Dropbox (MIT)/PhD/CODE/molSimplifyGUI/Runs/POSTPROC/CO-R/co.out
Processing /home/tim/Dropbox (MIT)/PhD/CODE/molSimplifyGUI/Runs/POSTPROC/CO-U/co.out

Getting NBO summary..

Processing /home/tim/Dropbox (MIT)/PhD/CODE/molSimplifyGUI/Runs/POSTPROC/Cotpp1x1ammo1carbII4/cobtpxamca3/cobtpxamca3.out
Processing /home/tim/Dropbox (MIT)/PhD/CODE/molSimplifyGUI/Runs/POSTPROC/Cotpp1x1ammo1carbII4/cobtpxamcaR/cobtpxamcaR.out
Processing /home/tim/Dropbox (MIT)/PhD/CODE/molSimplifyGUI/Runs/POSTPROC/Cotpp1x1ammo1carbIII1/cobtpxamca3/cobtpxamca3.out
Processing /home/tim/Dropbox (MIT)/PhD/CODE/molSimplifyGUI/Runs/POSTPROC/CO-R/co.out
Processing /home/tim/Dropbox (MIT)/PhD/CODE/molSimplifyGUI/Runs/POSTPROC/CO-U/co.out

Getting MO information..

Processing /home/tim/Dropbox (MIT)/PhD/CODE/molSimplifyGUI/Runs/POSTPROC/Cotpp1x1ammo1carbII4/cobtpxamca3/scr/cobtpxamca3.molden
Processing /home/tim/Dropbox (MIT)/PhD/CODE/molSimplifyGUI/Runs/POSTPROC/Cotpp1x1ammo1carbII4/cobtpxamcaR/scr/cobtpxamcaR.molden
Processing /home/tim/Dropbox (MIT)/PhD/CODE/molSimplifyGUI/Runs/POSTPROC/Cotpp1x1ammo1carbIII1/cobtpxamca3/scr/cobtpxamca3.molden
Processing /home/tim/Dropbox (MIT)/PhD/CODE/molSimplifyGUI/Runs/POSTPROC/CO-R/scr/co.molden
Processing /home/tim/Dropbox (MIT)/PhD/CODE/molSimplifyGUI/Runs/POSTPROC/CO-U/scr/co.molden



##### Date: 03/21/2016 17:31#####


Getting runs summary..

################## Calculating results summary ##################

Processing /home/tim/Dropbox (MIT)/PhD/CODE/molSimplifyGUI/Runs/POSTPROC/Cotpp1x1ammo1carbII4/cobtpxamca3/cobtpxamca3.out
Processing /home/tim/Dropbox (MIT)/PhD/CODE/molSimplifyGUI/Runs/POSTPROC/Cotpp1x1ammo1carbII4/cobtpxamcaR/cobtpxamcaR.out
Processing /home/tim/Dropbox (MIT)/PhD/CODE/molSimplifyGUI/Runs/POSTPROC/Cotpp1x1ammo1carbIII1/cobtpxamca3/cobtpxamca3.out
Processing /home/tim/Dropbox (MIT)/PhD/CODE/molSimplifyGUI/Runs/POSTPROC/CO-R/co.out
Processing /home/tim/Dropbox (MIT)/PhD/CODE/molSimplifyGUI/Runs/POSTPROC/CO-U/co.out
################## Calculating results summary ##################

Processing /home/tim/Dropbox (MIT)/PhD/CODE/molSimplifyGUI/Runs/POSTPROC/Cotpp1x1ammo1carbII4/cobtpxamca3/cobtpxamca3.out
Processing /home/tim/Dropbox (MIT)/PhD/CODE/molSimplifyGUI/Runs/POSTPROC/Cotpp1x1ammo1carbII4/cobtpxamcaR/cobtpxamcaR.out
Processing /home/tim/Dropbox (MIT)/PhD/CODE/molSimplifyGUI/Runs/POSTPROC/Cotpp1x1ammo1carbIII1/cobtpxamca3/cobtpxamca3.out
Processing /home/tim/Dropbox (MIT)/PhD/CODE/molSimplifyGUI/Runs/POSTPROC/CO-R/co.out
Processing /home/tim/Dropbox (MIT)/PhD/CODE/molSimplifyGUI/Runs/POSTPROC/CO-U/co.out

Getting NBO summary..

Processing /home/tim/Dropbox (MIT)/PhD/CODE/molSimplifyGUI/Runs/POSTPROC/Cotpp1x1ammo1carbII4/cobtpxamca3/cobtpxamca3.out
Processing /home/tim/Dropbox (MIT)/PhD/CODE/molSimplifyGUI/Runs/POSTPROC/Cotpp1x1ammo1carbII4/cobtpxamcaR/cobtpxamcaR.out
Processing /home/tim/Dropbox (MIT)/PhD/CODE/molSimplifyGUI/Runs/POSTPROC/Cotpp1x1ammo1carbIII1/cobtpxamca3/cobtpxamca3.out
Processing /home/tim/Dropbox (MIT)/PhD/CODE/molSimplifyGUI/Runs/POSTPROC/CO-R/co.out
Processing /home/tim/Dropbox (MIT)/PhD/CODE/molSimplifyGUI/Runs/POSTPROC/CO-U/co.out

Getting MO information..

Processing /home/tim/Dropbox (MIT)/PhD/CODE/molSimplifyGUI/Runs/POSTPROC/Cotpp1x1ammo1carbII4/cobtpxamca3/scr/cobtpxamca3.molden
Processing /home/tim/Dropbox (MIT)/PhD/CODE/molSimplifyGUI/Runs/POSTPROC/Cotpp1x1ammo1carbII4/cobtpxamcaR/scr/cobtpxamcaR.molden
Processing /home/tim/Dropbox (MIT)/PhD/CODE/molSimplifyGUI/Runs/POSTPROC/Cotpp1x1ammo1carbIII1/cobtpxamca3/scr/cobtpxamca3.molden
Processing /home/tim/Dropbox (MIT)/PhD/CODE/molSimplifyGUI/Runs/POSTPROC/CO-R/scr/co.molden
Processing /home/tim/Dropbox (MIT)/PhD/CODE/molSimplifyGUI/Runs/POSTPROC/CO-U/scr/co.molden

Calculating delocalization indices..

Processing  _home_tim_Dropbox (MIT)_PhD_CODE_molSimplifyGUI_Runs_POSTPROC_Cotpp1x1ammo1carbII4_cobtpxamca3_scr_cobtpxamca3



##### Date: 03/21/2016 17:33#####


Getting runs summary..

################## Calculating results summary ##################

Processing /home/tim/Dropbox (MIT)/PhD/CODE/molSimplifyGUI/Runs/POSTPROC/Cotpp1x1ammo1carbII4/cobtpxamca3/cobtpxamca3.out
Processing /home/tim/Dropbox (MIT)/PhD/CODE/molSimplifyGUI/Runs/POSTPROC/Cotpp1x1ammo1carbII4/cobtpxamcaR/cobtpxamcaR.out
Processing /home/tim/Dropbox (MIT)/PhD/CODE/molSimplifyGUI/Runs/POSTPROC/Cotpp1x1ammo1carbIII1/cobtpxamca3/cobtpxamca3.out
Processing /home/tim/Dropbox (MIT)/PhD/CODE/molSimplifyGUI/Runs/POSTPROC/CO-R/co.out
Processing /home/tim/Dropbox (MIT)/PhD/CODE/molSimplifyGUI/Runs/POSTPROC/CO-U/co.out
################## Calculating results summary ##################

Processing /home/tim/Dropbox (MIT)/PhD/CODE/molSimplifyGUI/Runs/POSTPROC/Cotpp1x1ammo1carbII4/cobtpxamca3/cobtpxamca3.out
Processing /home/tim/Dropbox (MIT)/PhD/CODE/molSimplifyGUI/Runs/POSTPROC/Cotpp1x1ammo1carbII4/cobtpxamcaR/cobtpxamcaR.out
Processing /home/tim/Dropbox (MIT)/PhD/CODE/molSimplifyGUI/Runs/POSTPROC/Cotpp1x1ammo1carbIII1/cobtpxamca3/cobtpxamca3.out
Processing /home/tim/Dropbox (MIT)/PhD/CODE/molSimplifyGUI/Runs/POSTPROC/CO-R/co.out
Processing /home/tim/Dropbox (MIT)/PhD/CODE/molSimplifyGUI/Runs/POSTPROC/CO-U/co.out

Getting NBO summary..

Processing /home/tim/Dropbox (MIT)/PhD/CODE/molSimplifyGUI/Runs/POSTPROC/Cotpp1x1ammo1carbII4/cobtpxamca3/cobtpxamca3.out
Processing /home/tim/Dropbox (MIT)/PhD/CODE/molSimplifyGUI/Runs/POSTPROC/Cotpp1x1ammo1carbII4/cobtpxamcaR/cobtpxamcaR.out
Processing /home/tim/Dropbox (MIT)/PhD/CODE/molSimplifyGUI/Runs/POSTPROC/Cotpp1x1ammo1carbIII1/cobtpxamca3/cobtpxamca3.out
Processing /home/tim/Dropbox (MIT)/PhD/CODE/molSimplifyGUI/Runs/POSTPROC/CO-R/co.out
Processing /home/tim/Dropbox (MIT)/PhD/CODE/molSimplifyGUI/Runs/POSTPROC/CO-U/co.out

Getting MO information..

Processing /home/tim/Dropbox (MIT)/PhD/CODE/molSimplifyGUI/Runs/POSTPROC/Cotpp1x1ammo1carbII4/cobtpxamca3/scr/cobtpxamca3.molden
Processing /home/tim/Dropbox (MIT)/PhD/CODE/molSimplifyGUI/Runs/POSTPROC/Cotpp1x1ammo1carbII4/cobtpxamcaR/scr/cobtpxamcaR.molden
Processing /home/tim/Dropbox (MIT)/PhD/CODE/molSimplifyGUI/Runs/POSTPROC/Cotpp1x1ammo1carbIII1/cobtpxamca3/scr/cobtpxamca3.molden
Processing /home/tim/Dropbox (MIT)/PhD/CODE/molSimplifyGUI/Runs/POSTPROC/CO-R/scr/co.molden
Processing /home/tim/Dropbox (MIT)/PhD/CODE/molSimplifyGUI/Runs/POSTPROC/CO-U/scr/co.molden

Calculating delocalization indices..

Processing  .._.._.._cobtpxamca3



##### Date: 03/21/2016 17:33#####


Getting runs summary..

################## Calculating results summary ##################

Processing /home/tim/Dropbox (MIT)/PhD/CODE/molSimplifyGUI/Runs/POSTPROC/Cotpp1x1ammo1carbII4/cobtpxamca3/cobtpxamca3.out
Processing /home/tim/Dropbox (MIT)/PhD/CODE/molSimplifyGUI/Runs/POSTPROC/Cotpp1x1ammo1carbII4/cobtpxamcaR/cobtpxamcaR.out
Processing /home/tim/Dropbox (MIT)/PhD/CODE/molSimplifyGUI/Runs/POSTPROC/Cotpp1x1ammo1carbIII1/cobtpxamca3/cobtpxamca3.out
Processing /home/tim/Dropbox (MIT)/PhD/CODE/molSimplifyGUI/Runs/POSTPROC/CO-R/co.out
Processing /home/tim/Dropbox (MIT)/PhD/CODE/molSimplifyGUI/Runs/POSTPROC/CO-U/co.out
################## Calculating results summary ##################

Processing /home/tim/Dropbox (MIT)/PhD/CODE/molSimplifyGUI/Runs/POSTPROC/Cotpp1x1ammo1carbII4/cobtpxamca3/cobtpxamca3.out
Processing /home/tim/Dropbox (MIT)/PhD/CODE/molSimplifyGUI/Runs/POSTPROC/Cotpp1x1ammo1carbII4/cobtpxamcaR/cobtpxamcaR.out
Processing /home/tim/Dropbox (MIT)/PhD/CODE/molSimplifyGUI/Runs/POSTPROC/Cotpp1x1ammo1carbIII1/cobtpxamca3/cobtpxamca3.out
Processing /home/tim/Dropbox (MIT)/PhD/CODE/molSimplifyGUI/Runs/POSTPROC/CO-R/co.out
Processing /home/tim/Dropbox (MIT)/PhD/CODE/molSimplifyGUI/Runs/POSTPROC/CO-U/co.out

Getting NBO summary..

Processing /home/tim/Dropbox (MIT)/PhD/CODE/molSimplifyGUI/Runs/POSTPROC/Cotpp1x1ammo1carbII4/cobtpxamca3/cobtpxamca3.out
Processing /home/tim/Dropbox (MIT)/PhD/CODE/molSimplifyGUI/Runs/POSTPROC/Cotpp1x1ammo1carbII4/cobtpxamcaR/cobtpxamcaR.out
Processing /home/tim/Dropbox (MIT)/PhD/CODE/molSimplifyGUI/Runs/POSTPROC/Cotpp1x1ammo1carbIII1/cobtpxamca3/cobtpxamca3.out
Processing /home/tim/Dropbox (MIT)/PhD/CODE/molSimplifyGUI/Runs/POSTPROC/CO-R/co.out
Processing /home/tim/Dropbox (MIT)/PhD/CODE/molSimplifyGUI/Runs/POSTPROC/CO-U/co.out

Calculating delocalization indices..

Processing  .._.._.._cobtpxamca3



##### Date: 03/21/2016 17:34#####


Getting runs summary..

################## Calculating results summary ##################

Processing /home/tim/Dropbox (MIT)/PhD/CODE/molSimplifyGUI/Runs/POSTPROC/Cotpp1x1ammo1carbII4/cobtpxamca3/cobtpxamca3.out
Processing /home/tim/Dropbox (MIT)/PhD/CODE/molSimplifyGUI/Runs/POSTPROC/Cotpp1x1ammo1carbII4/cobtpxamcaR/cobtpxamcaR.out
Processing /home/tim/Dropbox (MIT)/PhD/CODE/molSimplifyGUI/Runs/POSTPROC/Cotpp1x1ammo1carbIII1/cobtpxamca3/cobtpxamca3.out
Processing /home/tim/Dropbox (MIT)/PhD/CODE/molSimplifyGUI/Runs/POSTPROC/CO-R/co.out
Processing /home/tim/Dropbox (MIT)/PhD/CODE/molSimplifyGUI/Runs/POSTPROC/CO-U/co.out
################## Calculating results summary ##################

Processing /home/tim/Dropbox (MIT)/PhD/CODE/molSimplifyGUI/Runs/POSTPROC/Cotpp1x1ammo1carbII4/cobtpxamca3/cobtpxamca3.out
Processing /home/tim/Dropbox (MIT)/PhD/CODE/molSimplifyGUI/Runs/POSTPROC/Cotpp1x1ammo1carbII4/cobtpxamcaR/cobtpxamcaR.out
Processing /home/tim/Dropbox (MIT)/PhD/CODE/molSimplifyGUI/Runs/POSTPROC/Cotpp1x1ammo1carbIII1/cobtpxamca3/cobtpxamca3.out
Processing /home/tim/Dropbox (MIT)/PhD/CODE/molSimplifyGUI/Runs/POSTPROC/CO-R/co.out
Processing /home/tim/Dropbox (MIT)/PhD/CODE/molSimplifyGUI/Runs/POSTPROC/CO-U/co.out

Getting NBO summary..

Processing /home/tim/Dropbox (MIT)/PhD/CODE/molSimplifyGUI/Runs/POSTPROC/Cotpp1x1ammo1carbII4/cobtpxamca3/cobtpxamca3.out
Processing /home/tim/Dropbox (MIT)/PhD/CODE/molSimplifyGUI/Runs/POSTPROC/Cotpp1x1ammo1carbII4/cobtpxamcaR/cobtpxamcaR.out
Processing /home/tim/Dropbox (MIT)/PhD/CODE/molSimplifyGUI/Runs/POSTPROC/Cotpp1x1ammo1carbIII1/cobtpxamca3/cobtpxamca3.out
Processing /home/tim/Dropbox (MIT)/PhD/CODE/molSimplifyGUI/Runs/POSTPROC/CO-R/co.out
Processing /home/tim/Dropbox (MIT)/PhD/CODE/molSimplifyGUI/Runs/POSTPROC/CO-U/co.out

Calculating delocalization indices..

Processing  .._.._.._cobtpxamca3



##### Date: 03/21/2016 17:34#####


Getting runs summary..

################## Calculating results summary ##################

Processing /home/tim/Dropbox (MIT)/PhD/CODE/molSimplifyGUI/Runs/POSTPROC/Cotpp1x1ammo1carbII4/cobtpxamca3/cobtpxamca3.out
Processing /home/tim/Dropbox (MIT)/PhD/CODE/molSimplifyGUI/Runs/POSTPROC/Cotpp1x1ammo1carbII4/cobtpxamcaR/cobtpxamcaR.out
Processing /home/tim/Dropbox (MIT)/PhD/CODE/molSimplifyGUI/Runs/POSTPROC/Cotpp1x1ammo1carbIII1/cobtpxamca3/cobtpxamca3.out
Processing /home/tim/Dropbox (MIT)/PhD/CODE/molSimplifyGUI/Runs/POSTPROC/CO-R/co.out
Processing /home/tim/Dropbox (MIT)/PhD/CODE/molSimplifyGUI/Runs/POSTPROC/CO-U/co.out
################## Calculating results summary ##################

Processing /home/tim/Dropbox (MIT)/PhD/CODE/molSimplifyGUI/Runs/POSTPROC/Cotpp1x1ammo1carbII4/cobtpxamca3/cobtpxamca3.out
Processing /home/tim/Dropbox (MIT)/PhD/CODE/molSimplifyGUI/Runs/POSTPROC/Cotpp1x1ammo1carbII4/cobtpxamcaR/cobtpxamcaR.out
Processing /home/tim/Dropbox (MIT)/PhD/CODE/molSimplifyGUI/Runs/POSTPROC/Cotpp1x1ammo1carbIII1/cobtpxamca3/cobtpxamca3.out
Processing /home/tim/Dropbox (MIT)/PhD/CODE/molSimplifyGUI/Runs/POSTPROC/CO-R/co.out
Processing /home/tim/Dropbox (MIT)/PhD/CODE/molSimplifyGUI/Runs/POSTPROC/CO-U/co.out

Getting NBO summary..

Processing /home/tim/Dropbox (MIT)/PhD/CODE/molSimplifyGUI/Runs/POSTPROC/Cotpp1x1ammo1carbII4/cobtpxamca3/cobtpxamca3.out
Processing /home/tim/Dropbox (MIT)/PhD/CODE/molSimplifyGUI/Runs/POSTPROC/Cotpp1x1ammo1carbII4/cobtpxamcaR/cobtpxamcaR.out
Processing /home/tim/Dropbox (MIT)/PhD/CODE/molSimplifyGUI/Runs/POSTPROC/Cotpp1x1ammo1carbIII1/cobtpxamca3/cobtpxamca3.out
Processing /home/tim/Dropbox (MIT)/PhD/CODE/molSimplifyGUI/Runs/POSTPROC/CO-R/co.out
Processing /home/tim/Dropbox (MIT)/PhD/CODE/molSimplifyGUI/Runs/POSTPROC/CO-U/co.out

Calculating delocalization indices..

Processing  Cotpp1x1ammo1carbII4_cobtpxamca3_scr_cobtpxamca3



##### Date: 03/21/2016 17:34#####


Getting runs summary..

################## Calculating results summary ##################

Processing /home/tim/Dropbox (MIT)/PhD/CODE/molSimplifyGUI/Runs/POSTPROC/Cotpp1x1ammo1carbII4/cobtpxamca3/cobtpxamca3.out
Processing /home/tim/Dropbox (MIT)/PhD/CODE/molSimplifyGUI/Runs/POSTPROC/Cotpp1x1ammo1carbII4/cobtpxamcaR/cobtpxamcaR.out
Processing /home/tim/Dropbox (MIT)/PhD/CODE/molSimplifyGUI/Runs/POSTPROC/Cotpp1x1ammo1carbIII1/cobtpxamca3/cobtpxamca3.out
Processing /home/tim/Dropbox (MIT)/PhD/CODE/molSimplifyGUI/Runs/POSTPROC/CO-R/co.out
Processing /home/tim/Dropbox (MIT)/PhD/CODE/molSimplifyGUI/Runs/POSTPROC/CO-U/co.out
################## Calculating results summary ##################

Processing /home/tim/Dropbox (MIT)/PhD/CODE/molSimplifyGUI/Runs/POSTPROC/Cotpp1x1ammo1carbII4/cobtpxamca3/cobtpxamca3.out
Processing /home/tim/Dropbox (MIT)/PhD/CODE/molSimplifyGUI/Runs/POSTPROC/Cotpp1x1ammo1carbII4/cobtpxamcaR/cobtpxamcaR.out
Processing /home/tim/Dropbox (MIT)/PhD/CODE/molSimplifyGUI/Runs/POSTPROC/Cotpp1x1ammo1carbIII1/cobtpxamca3/cobtpxamca3.out
Processing /home/tim/Dropbox (MIT)/PhD/CODE/molSimplifyGUI/Runs/POSTPROC/CO-R/co.out
Processing /home/tim/Dropbox (MIT)/PhD/CODE/molSimplifyGUI/Runs/POSTPROC/CO-U/co.out

Getting NBO summary..

Processing /home/tim/Dropbox (MIT)/PhD/CODE/molSimplifyGUI/Runs/POSTPROC/Cotpp1x1ammo1carbII4/cobtpxamca3/cobtpxamca3.out
Processing /home/tim/Dropbox (MIT)/PhD/CODE/molSimplifyGUI/Runs/POSTPROC/Cotpp1x1ammo1carbII4/cobtpxamcaR/cobtpxamcaR.out
Processing /home/tim/Dropbox (MIT)/PhD/CODE/molSimplifyGUI/Runs/POSTPROC/Cotpp1x1ammo1carbIII1/cobtpxamca3/cobtpxamca3.out
Processing /home/tim/Dropbox (MIT)/PhD/CODE/molSimplifyGUI/Runs/POSTPROC/CO-R/co.out
Processing /home/tim/Dropbox (MIT)/PhD/CODE/molSimplifyGUI/Runs/POSTPROC/CO-U/co.out

Calculating delocalization indices..

Processing  Cotpp1x1ammo1carbII4_cobtpxamca3_scr_cobtpxamca3



##### Date: 03/21/2016 17:35#####


Getting runs summary..

################## Calculating results summary ##################

Processing /home/tim/Dropbox (MIT)/PhD/CODE/molSimplifyGUI/Runs/POSTPROC/Cotpp1x1ammo1carbII4/cobtpxamca3/cobtpxamca3.out
Processing /home/tim/Dropbox (MIT)/PhD/CODE/molSimplifyGUI/Runs/POSTPROC/Cotpp1x1ammo1carbII4/cobtpxamcaR/cobtpxamcaR.out
Processing /home/tim/Dropbox (MIT)/PhD/CODE/molSimplifyGUI/Runs/POSTPROC/Cotpp1x1ammo1carbIII1/cobtpxamca3/cobtpxamca3.out
Processing /home/tim/Dropbox (MIT)/PhD/CODE/molSimplifyGUI/Runs/POSTPROC/CO-R/co.out
Processing /home/tim/Dropbox (MIT)/PhD/CODE/molSimplifyGUI/Runs/POSTPROC/CO-U/co.out
################## Calculating results summary ##################

Processing /home/tim/Dropbox (MIT)/PhD/CODE/molSimplifyGUI/Runs/POSTPROC/Cotpp1x1ammo1carbII4/cobtpxamca3/cobtpxamca3.out
Processing /home/tim/Dropbox (MIT)/PhD/CODE/molSimplifyGUI/Runs/POSTPROC/Cotpp1x1ammo1carbII4/cobtpxamcaR/cobtpxamcaR.out
Processing /home/tim/Dropbox (MIT)/PhD/CODE/molSimplifyGUI/Runs/POSTPROC/Cotpp1x1ammo1carbIII1/cobtpxamca3/cobtpxamca3.out
Processing /home/tim/Dropbox (MIT)/PhD/CODE/molSimplifyGUI/Runs/POSTPROC/CO-R/co.out
Processing /home/tim/Dropbox (MIT)/PhD/CODE/molSimplifyGUI/Runs/POSTPROC/CO-U/co.out

Getting NBO summary..

Processing /home/tim/Dropbox (MIT)/PhD/CODE/molSimplifyGUI/Runs/POSTPROC/Cotpp1x1ammo1carbII4/cobtpxamca3/cobtpxamca3.out
Processing /home/tim/Dropbox (MIT)/PhD/CODE/molSimplifyGUI/Runs/POSTPROC/Cotpp1x1ammo1carbII4/cobtpxamcaR/cobtpxamcaR.out
Processing /home/tim/Dropbox (MIT)/PhD/CODE/molSimplifyGUI/Runs/POSTPROC/Cotpp1x1ammo1carbIII1/cobtpxamca3/cobtpxamca3.out
Processing /home/tim/Dropbox (MIT)/PhD/CODE/molSimplifyGUI/Runs/POSTPROC/CO-R/co.out
Processing /home/tim/Dropbox (MIT)/PhD/CODE/molSimplifyGUI/Runs/POSTPROC/CO-U/co.out

Calculating delocalization indices..

Processing  Cotpp1x1ammo1carbII4_cobtpxamca3_scr_cobtpxamca3



##### Date: 03/21/2016 17:35#####


Getting runs summary..

################## Calculating results summary ##################

Processing /home/tim/Dropbox (MIT)/PhD/CODE/molSimplifyGUI/Runs/POSTPROC/Cotpp1x1ammo1carbII4/cobtpxamca3/cobtpxamca3.out
Processing /home/tim/Dropbox (MIT)/PhD/CODE/molSimplifyGUI/Runs/POSTPROC/Cotpp1x1ammo1carbII4/cobtpxamcaR/cobtpxamcaR.out
Processing /home/tim/Dropbox (MIT)/PhD/CODE/molSimplifyGUI/Runs/POSTPROC/Cotpp1x1ammo1carbIII1/cobtpxamca3/cobtpxamca3.out
Processing /home/tim/Dropbox (MIT)/PhD/CODE/molSimplifyGUI/Runs/POSTPROC/CO-R/co.out
Processing /home/tim/Dropbox (MIT)/PhD/CODE/molSimplifyGUI/Runs/POSTPROC/CO-U/co.out
################## Calculating results summary ##################

Processing /home/tim/Dropbox (MIT)/PhD/CODE/molSimplifyGUI/Runs/POSTPROC/Cotpp1x1ammo1carbII4/cobtpxamca3/cobtpxamca3.out
Processing /home/tim/Dropbox (MIT)/PhD/CODE/molSimplifyGUI/Runs/POSTPROC/Cotpp1x1ammo1carbII4/cobtpxamcaR/cobtpxamcaR.out
Processing /home/tim/Dropbox (MIT)/PhD/CODE/molSimplifyGUI/Runs/POSTPROC/Cotpp1x1ammo1carbIII1/cobtpxamca3/cobtpxamca3.out
Processing /home/tim/Dropbox (MIT)/PhD/CODE/molSimplifyGUI/Runs/POSTPROC/CO-R/co.out
Processing /home/tim/Dropbox (MIT)/PhD/CODE/molSimplifyGUI/Runs/POSTPROC/CO-U/co.out

Getting NBO summary..

Processing /home/tim/Dropbox (MIT)/PhD/CODE/molSimplifyGUI/Runs/POSTPROC/Cotpp1x1ammo1carbII4/cobtpxamca3/cobtpxamca3.out
Processing /home/tim/Dropbox (MIT)/PhD/CODE/molSimplifyGUI/Runs/POSTPROC/Cotpp1x1ammo1carbII4/cobtpxamcaR/cobtpxamcaR.out
Processing /home/tim/Dropbox (MIT)/PhD/CODE/molSimplifyGUI/Runs/POSTPROC/Cotpp1x1ammo1carbIII1/cobtpxamca3/cobtpxamca3.out
Processing /home/tim/Dropbox (MIT)/PhD/CODE/molSimplifyGUI/Runs/POSTPROC/CO-R/co.out
Processing /home/tim/Dropbox (MIT)/PhD/CODE/molSimplifyGUI/Runs/POSTPROC/CO-U/co.out

Calculating delocalization indices..

Processing  Cotpp1x1ammo1carbII4_cobtpxamca3_scr_cobtpxamca3



##### Date: 03/21/2016 17:36#####


Getting runs summary..

################## Calculating results summary ##################

Processing /home/tim/Dropbox (MIT)/PhD/CODE/molSimplifyGUI/Runs/POSTPROC/Cotpp1x1ammo1carbII4/cobtpxamca3/cobtpxamca3.out
Processing /home/tim/Dropbox (MIT)/PhD/CODE/molSimplifyGUI/Runs/POSTPROC/Cotpp1x1ammo1carbII4/cobtpxamcaR/cobtpxamcaR.out
Processing /home/tim/Dropbox (MIT)/PhD/CODE/molSimplifyGUI/Runs/POSTPROC/Cotpp1x1ammo1carbIII1/cobtpxamca3/cobtpxamca3.out
Processing /home/tim/Dropbox (MIT)/PhD/CODE/molSimplifyGUI/Runs/POSTPROC/CO-R/co.out
Processing /home/tim/Dropbox (MIT)/PhD/CODE/molSimplifyGUI/Runs/POSTPROC/CO-U/co.out
################## Calculating results summary ##################

Processing /home/tim/Dropbox (MIT)/PhD/CODE/molSimplifyGUI/Runs/POSTPROC/Cotpp1x1ammo1carbII4/cobtpxamca3/cobtpxamca3.out
Processing /home/tim/Dropbox (MIT)/PhD/CODE/molSimplifyGUI/Runs/POSTPROC/Cotpp1x1ammo1carbII4/cobtpxamcaR/cobtpxamcaR.out
Processing /home/tim/Dropbox (MIT)/PhD/CODE/molSimplifyGUI/Runs/POSTPROC/Cotpp1x1ammo1carbIII1/cobtpxamca3/cobtpxamca3.out
Processing /home/tim/Dropbox (MIT)/PhD/CODE/molSimplifyGUI/Runs/POSTPROC/CO-R/co.out
Processing /home/tim/Dropbox (MIT)/PhD/CODE/molSimplifyGUI/Runs/POSTPROC/CO-U/co.out

Getting NBO summary..

Processing /home/tim/Dropbox (MIT)/PhD/CODE/molSimplifyGUI/Runs/POSTPROC/Cotpp1x1ammo1carbII4/cobtpxamca3/cobtpxamca3.out
Processing /home/tim/Dropbox (MIT)/PhD/CODE/molSimplifyGUI/Runs/POSTPROC/Cotpp1x1ammo1carbII4/cobtpxamcaR/cobtpxamcaR.out
Processing /home/tim/Dropbox (MIT)/PhD/CODE/molSimplifyGUI/Runs/POSTPROC/Cotpp1x1ammo1carbIII1/cobtpxamca3/cobtpxamca3.out
Processing /home/tim/Dropbox (MIT)/PhD/CODE/molSimplifyGUI/Runs/POSTPROC/CO-R/co.out
Processing /home/tim/Dropbox (MIT)/PhD/CODE/molSimplifyGUI/Runs/POSTPROC/CO-U/co.out

Calculating delocalization indices..

Processing  Cotpp1x1ammo1carbII4_cobtpxamca3_scr_cobtpxamca3



##### Date: 03/21/2016 17:37#####


Getting runs summary..

################## Calculating results summary ##################

Processing /home/tim/Dropbox (MIT)/PhD/CODE/molSimplifyGUI/Runs/POSTPROC/Cotpp1x1ammo1carbII4/cobtpxamca3/cobtpxamca3.out
Processing /home/tim/Dropbox (MIT)/PhD/CODE/molSimplifyGUI/Runs/POSTPROC/Cotpp1x1ammo1carbII4/cobtpxamcaR/cobtpxamcaR.out
Processing /home/tim/Dropbox (MIT)/PhD/CODE/molSimplifyGUI/Runs/POSTPROC/Cotpp1x1ammo1carbIII1/cobtpxamca3/cobtpxamca3.out
Processing /home/tim/Dropbox (MIT)/PhD/CODE/molSimplifyGUI/Runs/POSTPROC/CO-R/co.out
Processing /home/tim/Dropbox (MIT)/PhD/CODE/molSimplifyGUI/Runs/POSTPROC/CO-U/co.out
################## Calculating results summary ##################

Processing /home/tim/Dropbox (MIT)/PhD/CODE/molSimplifyGUI/Runs/POSTPROC/Cotpp1x1ammo1carbII4/cobtpxamca3/cobtpxamca3.out
Processing /home/tim/Dropbox (MIT)/PhD/CODE/molSimplifyGUI/Runs/POSTPROC/Cotpp1x1ammo1carbII4/cobtpxamcaR/cobtpxamcaR.out
Processing /home/tim/Dropbox (MIT)/PhD/CODE/molSimplifyGUI/Runs/POSTPROC/Cotpp1x1ammo1carbIII1/cobtpxamca3/cobtpxamca3.out
Processing /home/tim/Dropbox (MIT)/PhD/CODE/molSimplifyGUI/Runs/POSTPROC/CO-R/co.out
Processing /home/tim/Dropbox (MIT)/PhD/CODE/molSimplifyGUI/Runs/POSTPROC/CO-U/co.out

Getting NBO summary..

Processing /home/tim/Dropbox (MIT)/PhD/CODE/molSimplifyGUI/Runs/POSTPROC/Cotpp1x1ammo1carbII4/cobtpxamca3/cobtpxamca3.out
Processing /home/tim/Dropbox (MIT)/PhD/CODE/molSimplifyGUI/Runs/POSTPROC/Cotpp1x1ammo1carbII4/cobtpxamcaR/cobtpxamcaR.out
Processing /home/tim/Dropbox (MIT)/PhD/CODE/molSimplifyGUI/Runs/POSTPROC/Cotpp1x1ammo1carbIII1/cobtpxamca3/cobtpxamca3.out
Processing /home/tim/Dropbox (MIT)/PhD/CODE/molSimplifyGUI/Runs/POSTPROC/CO-R/co.out
Processing /home/tim/Dropbox (MIT)/PhD/CODE/molSimplifyGUI/Runs/POSTPROC/CO-U/co.out

Calculating delocalization indices..

Processing  Cotpp1x1ammo1carbII4_cobtpxamca3_scr_cobtpxamca3
Processing  Cotpp1x1ammo1carbII4_cobtpxamcaR_scr_cobtpxamcaR
Processing  Cotpp1x1ammo1carbIII1_cobtpxamca3_scr_cobtpxamca3
Processing  CO-R_scr_co
Processing  CO-U_scr_co

Calculating charges..

Processing Cotpp1x1ammo1carbII4_cobtpxamca3_scr_cobtpxamca3
Processing Cotpp1x1ammo1carbII4_cobtpxamcaR_scr_cobtpxamcaR
Processing Cotpp1x1ammo1carbIII1_cobtpxamca3_scr_cobtpxamca3
Processing CO-R_scr_co
Processing CO-U_scr_co

Calculating wavefunction properties..

##################### Generating cube files ######################
Processing /home/tim/Dropbox (MIT)/PhD/CODE/molSimplifyGUI/Runs/POSTPROC/Cotpp1x1ammo1carbII4/cobtpxamca3/scr/cobtpxamca3.molden
Processing /home/tim/Dropbox (MIT)/PhD/CODE/molSimplifyGUI/Runs/POSTPROC/Cotpp1x1ammo1carbII4/cobtpxamcaR/scr/cobtpxamcaR.molden
Processing /home/tim/Dropbox (MIT)/PhD/CODE/molSimplifyGUI/Runs/POSTPROC/Cotpp1x1ammo1carbIII1/cobtpxamca3/scr/cobtpxamca3.molden
Processing /home/tim/Dropbox (MIT)/PhD/CODE/molSimplifyGUI/Runs/POSTPROC/CO-R/scr/co.molden
Processing /home/tim/Dropbox (MIT)/PhD/CODE/molSimplifyGUI/Runs/POSTPROC/CO-U/scr/co.molden
##################### Getting wavefunction properties ######################



##### Date: 03/21/2016 21:31#####


Getting runs summary..

################## Calculating results summary ##################

Processing /home/tim/Dropbox (MIT)/PhD/CODE/molSimplifyGUI/Runs/POSTPROC/Cotpp1x1ammo1carbII4/cobtpxamca3/cobtpxamca3.out
Processing /home/tim/Dropbox (MIT)/PhD/CODE/molSimplifyGUI/Runs/POSTPROC/Cotpp1x1ammo1carbII4/cobtpxamcaR/cobtpxamcaR.out
Processing /home/tim/Dropbox (MIT)/PhD/CODE/molSimplifyGUI/Runs/POSTPROC/Cotpp1x1ammo1carbIII1/cobtpxamca3/cobtpxamca3.out
Processing /home/tim/Dropbox (MIT)/PhD/CODE/molSimplifyGUI/Runs/POSTPROC/CO-R/co.out
Processing /home/tim/Dropbox (MIT)/PhD/CODE/molSimplifyGUI/Runs/POSTPROC/CO-U/co.out
################## Calculating results summary ##################

Processing /home/tim/Dropbox (MIT)/PhD/CODE/molSimplifyGUI/Runs/POSTPROC/Cotpp1x1ammo1carbII4/cobtpxamca3/cobtpxamca3.out
Processing /home/tim/Dropbox (MIT)/PhD/CODE/molSimplifyGUI/Runs/POSTPROC/Cotpp1x1ammo1carbII4/cobtpxamcaR/cobtpxamcaR.out
Processing /home/tim/Dropbox (MIT)/PhD/CODE/molSimplifyGUI/Runs/POSTPROC/Cotpp1x1ammo1carbIII1/cobtpxamca3/cobtpxamca3.out
Processing /home/tim/Dropbox (MIT)/PhD/CODE/molSimplifyGUI/Runs/POSTPROC/CO-R/co.out
Processing /home/tim/Dropbox (MIT)/PhD/CODE/molSimplifyGUI/Runs/POSTPROC/CO-U/co.out

Getting NBO summary..

Processing /home/tim/Dropbox (MIT)/PhD/CODE/molSimplifyGUI/Runs/POSTPROC/Cotpp1x1ammo1carbII4/cobtpxamca3/cobtpxamca3.out
Processing /home/tim/Dropbox (MIT)/PhD/CODE/molSimplifyGUI/Runs/POSTPROC/Cotpp1x1ammo1carbII4/cobtpxamcaR/cobtpxamcaR.out
Processing /home/tim/Dropbox (MIT)/PhD/CODE/molSimplifyGUI/Runs/POSTPROC/Cotpp1x1ammo1carbIII1/cobtpxamca3/cobtpxamca3.out
Processing /home/tim/Dropbox (MIT)/PhD/CODE/molSimplifyGUI/Runs/POSTPROC/CO-R/co.out
Processing /home/tim/Dropbox (MIT)/PhD/CODE/molSimplifyGUI/Runs/POSTPROC/CO-U/co.out

Calculating delocalization indices..

Processing  Cotpp1x1ammo1carbII4_cobtpxamca3_scr_cobtpxamca3
Processing  Cotpp1x1ammo1carbII4_cobtpxamcaR_scr_cobtpxamcaR
Processing  Cotpp1x1ammo1carbIII1_cobtpxamca3_scr_cobtpxamca3
Processing  CO-R_scr_co
Processing  CO-U_scr_co

Calculating charges..

Processing Cotpp1x1ammo1carbII4_cobtpxamca3_scr_cobtpxamca3
Processing Cotpp1x1ammo1carbII4_cobtpxamcaR_scr_cobtpxamcaR
Processing Cotpp1x1ammo1carbIII1_cobtpxamca3_scr_cobtpxamca3
Processing CO-R_scr_co
Processing CO-U_scr_co

Calculating wavefunction properties..

##################### Generating cube files ######################
Processing /home/tim/Dropbox (MIT)/PhD/CODE/molSimplifyGUI/Runs/POSTPROC/Cotpp1x1ammo1carbII4/cobtpxamca3/scr/cobtpxamca3.molden
Processing /home/tim/Dropbox (MIT)/PhD/CODE/molSimplifyGUI/Runs/POSTPROC/Cotpp1x1ammo1carbII4/cobtpxamcaR/scr/cobtpxamcaR.molden
Processing /home/tim/Dropbox (MIT)/PhD/CODE/molSimplifyGUI/Runs/POSTPROC/Cotpp1x1ammo1carbIII1/cobtpxamca3/scr/cobtpxamca3.molden
Processing /home/tim/Dropbox (MIT)/PhD/CODE/molSimplifyGUI/Runs/POSTPROC/CO-R/scr/co.molden
Processing /home/tim/Dropbox (MIT)/PhD/CODE/molSimplifyGUI/Runs/POSTPROC/CO-U/scr/co.molden
##################### Getting wavefunction properties ######################



##### Date: 03/21/2016 21:34#####


Getting runs summary..

################## Calculating results summary ##################

Processing /home/tim/Dropbox (MIT)/PhD/CODE/molSimplifyGUI/Runs/POSTPROC/Cotpp1x1ammo1carbII4/cobtpxamca3/cobtpxamca3.out
Processing /home/tim/Dropbox (MIT)/PhD/CODE/molSimplifyGUI/Runs/POSTPROC/Cotpp1x1ammo1carbII4/cobtpxamcaR/cobtpxamcaR.out
Processing /home/tim/Dropbox (MIT)/PhD/CODE/molSimplifyGUI/Runs/POSTPROC/Cotpp1x1ammo1carbIII1/cobtpxamca3/cobtpxamca3.out
Processing /home/tim/Dropbox (MIT)/PhD/CODE/molSimplifyGUI/Runs/POSTPROC/CO-R/co.out
Processing /home/tim/Dropbox (MIT)/PhD/CODE/molSimplifyGUI/Runs/POSTPROC/CO-U/co.out
################## Calculating results summary ##################

Processing /home/tim/Dropbox (MIT)/PhD/CODE/molSimplifyGUI/Runs/POSTPROC/Cotpp1x1ammo1carbII4/cobtpxamca3/cobtpxamca3.out
Processing /home/tim/Dropbox (MIT)/PhD/CODE/molSimplifyGUI/Runs/POSTPROC/Cotpp1x1ammo1carbII4/cobtpxamcaR/cobtpxamcaR.out
Processing /home/tim/Dropbox (MIT)/PhD/CODE/molSimplifyGUI/Runs/POSTPROC/Cotpp1x1ammo1carbIII1/cobtpxamca3/cobtpxamca3.out
Processing /home/tim/Dropbox (MIT)/PhD/CODE/molSimplifyGUI/Runs/POSTPROC/CO-R/co.out
Processing /home/tim/Dropbox (MIT)/PhD/CODE/molSimplifyGUI/Runs/POSTPROC/CO-U/co.out

Getting NBO summary..

Processing /home/tim/Dropbox (MIT)/PhD/CODE/molSimplifyGUI/Runs/POSTPROC/Cotpp1x1ammo1carbII4/cobtpxamca3/cobtpxamca3.out
Processing /home/tim/Dropbox (MIT)/PhD/CODE/molSimplifyGUI/Runs/POSTPROC/Cotpp1x1ammo1carbII4/cobtpxamcaR/cobtpxamcaR.out
Processing /home/tim/Dropbox (MIT)/PhD/CODE/molSimplifyGUI/Runs/POSTPROC/Cotpp1x1ammo1carbIII1/cobtpxamca3/cobtpxamca3.out
Processing /home/tim/Dropbox (MIT)/PhD/CODE/molSimplifyGUI/Runs/POSTPROC/CO-R/co.out
Processing /home/tim/Dropbox (MIT)/PhD/CODE/molSimplifyGUI/Runs/POSTPROC/CO-U/co.out

Calculating delocalization indices..

Processing  Cotpp1x1ammo1carbII4_cobtpxamca3_scr_cobtpxamca3
Processing  Cotpp1x1ammo1carbII4_cobtpxamcaR_scr_cobtpxamcaR
Processing  Cotpp1x1ammo1carbIII1_cobtpxamca3_scr_cobtpxamca3
Processing  CO-R_scr_co
Processing  CO-U_scr_co

Calculating charges..

Processing Cotpp1x1ammo1carbII4_cobtpxamca3_scr_cobtpxamca3
Processing Cotpp1x1ammo1carbII4_cobtpxamcaR_scr_cobtpxamcaR
Processing Cotpp1x1ammo1carbIII1_cobtpxamca3_scr_cobtpxamca3
Processing CO-R_scr_co
Processing CO-U_scr_co

Calculating wavefunction properties..

##################### Generating cube files ######################
Processing /home/tim/Dropbox (MIT)/PhD/CODE/molSimplifyGUI/Runs/POSTPROC/Cotpp1x1ammo1carbII4/cobtpxamca3/scr/cobtpxamca3.molden
Processing /home/tim/Dropbox (MIT)/PhD/CODE/molSimplifyGUI/Runs/POSTPROC/Cotpp1x1ammo1carbII4/cobtpxamcaR/scr/cobtpxamcaR.molden
Processing /home/tim/Dropbox (MIT)/PhD/CODE/molSimplifyGUI/Runs/POSTPROC/Cotpp1x1ammo1carbIII1/cobtpxamca3/scr/cobtpxamca3.molden
Processing /home/tim/Dropbox (MIT)/PhD/CODE/molSimplifyGUI/Runs/POSTPROC/CO-R/scr/co.molden
Processing /home/tim/Dropbox (MIT)/PhD/CODE/molSimplifyGUI/Runs/POSTPROC/CO-U/scr/co.molden
##################### Getting wavefunction properties ######################
Processing /home/tim/Dropbox (MIT)/PhD/CODE/molSimplifyGUI/Runs/POSTPROC/Cotpp1x1ammo1carbII4/cobtpxamca3/scr/cobtpxamca3.molden
Processing /home/tim/Dropbox (MIT)/PhD/CODE/molSimplifyGUI/Runs/POSTPROC/Cotpp1x1ammo1carbII4/cobtpxamcaR/scr/cobtpxamcaR.molden
Processing /home/tim/Dropbox (MIT)/PhD/CODE/molSimplifyGUI/Runs/POSTPROC/Cotpp1x1ammo1carbIII1/cobtpxamca3/scr/cobtpxamca3.molden
Processing /home/tim/Dropbox (MIT)/PhD/CODE/molSimplifyGUI/Runs/POSTPROC/CO-R/scr/co.molden
Processing /home/tim/Dropbox (MIT)/PhD/CODE/molSimplifyGUI/Runs/POSTPROC/CO-U/scr/co.molden

Generating cube files..

##################### Generating cube files ######################
Processing /home/tim/Dropbox (MIT)/PhD/CODE/molSimplifyGUI/Runs/POSTPROC/Cotpp1x1ammo1carbII4/cobtpxamca3/scr/cobtpxamca3.molden
Processing /home/tim/Dropbox (MIT)/PhD/CODE/molSimplifyGUI/Runs/POSTPROC/Cotpp1x1ammo1carbII4/cobtpxamcaR/scr/cobtpxamcaR.molden
Processing /home/tim/Dropbox (MIT)/PhD/CODE/molSimplifyGUI/Runs/POSTPROC/Cotpp1x1ammo1carbIII1/cobtpxamca3/scr/cobtpxamca3.molden
Processing /home/tim/Dropbox (MIT)/PhD/CODE/molSimplifyGUI/Runs/POSTPROC/CO-R/scr/co.molden
Processing /home/tim/Dropbox (MIT)/PhD/CODE/molSimplifyGUI/Runs/POSTPROC/CO-U/scr/co.molden



##### Date: 03/21/2016 21:45#####


Getting runs summary..

################## Calculating results summary ##################

Processing /Users/timis/Dropbox (MIT)/PhD/CODE/molSimplifyGUI/Runs/POSTPROC/CO-R/co.out
Processing /Users/timis/Dropbox (MIT)/PhD/CODE/molSimplifyGUI/Runs/POSTPROC/CO-U/co.out
Processing /Users/timis/Dropbox (MIT)/PhD/CODE/molSimplifyGUI/Runs/POSTPROC/Cotpp1x1ammo1carbII4/cobtpxamca3/cobtpxamca3.out
Processing /Users/timis/Dropbox (MIT)/PhD/CODE/molSimplifyGUI/Runs/POSTPROC/Cotpp1x1ammo1carbII4/cobtpxamcaR/cobtpxamcaR.out
Processing /Users/timis/Dropbox (MIT)/PhD/CODE/molSimplifyGUI/Runs/POSTPROC/Cotpp1x1ammo1carbIII1/cobtpxamca3/cobtpxamca3.out
################## Calculating results summary ##################

Processing /Users/timis/Dropbox (MIT)/PhD/CODE/molSimplifyGUI/Runs/POSTPROC/CO-R/co.out
Processing /Users/timis/Dropbox (MIT)/PhD/CODE/molSimplifyGUI/Runs/POSTPROC/CO-U/co.out
Processing /Users/timis/Dropbox (MIT)/PhD/CODE/molSimplifyGUI/Runs/POSTPROC/Cotpp1x1ammo1carbII4/cobtpxamca3/cobtpxamca3.out
Processing /Users/timis/Dropbox (MIT)/PhD/CODE/molSimplifyGUI/Runs/POSTPROC/Cotpp1x1ammo1carbII4/cobtpxamcaR/cobtpxamcaR.out
Processing /Users/timis/Dropbox (MIT)/PhD/CODE/molSimplifyGUI/Runs/POSTPROC/Cotpp1x1ammo1carbIII1/cobtpxamca3/cobtpxamca3.out

Getting NBO summary..

Processing /Users/timis/Dropbox (MIT)/PhD/CODE/molSimplifyGUI/Runs/POSTPROC/CO-R/co.out
Processing /Users/timis/Dropbox (MIT)/PhD/CODE/molSimplifyGUI/Runs/POSTPROC/CO-U/co.out
Processing /Users/timis/Dropbox (MIT)/PhD/CODE/molSimplifyGUI/Runs/POSTPROC/Cotpp1x1ammo1carbII4/cobtpxamca3/cobtpxamca3.out
Processing /Users/timis/Dropbox (MIT)/PhD/CODE/molSimplifyGUI/Runs/POSTPROC/Cotpp1x1ammo1carbII4/cobtpxamcaR/cobtpxamcaR.out
Processing /Users/timis/Dropbox (MIT)/PhD/CODE/molSimplifyGUI/Runs/POSTPROC/Cotpp1x1ammo1carbIII1/cobtpxamca3/cobtpxamca3.out

Getting MO information..

Processing /Users/timis/Dropbox (MIT)/PhD/CODE/molSimplifyGUI/Runs/POSTPROC/CO-R/scr/co.molden
Processing /Users/timis/Dropbox (MIT)/PhD/CODE/molSimplifyGUI/Runs/POSTPROC/CO-U/scr/co.molden
Processing /Users/timis/Dropbox (MIT)/PhD/CODE/molSimplifyGUI/Runs/POSTPROC/Cotpp1x1ammo1carbII4/cobtpxamca3/scr/cobtpxamca3.molden
Processing /Users/timis/Dropbox (MIT)/PhD/CODE/molSimplifyGUI/Runs/POSTPROC/Cotpp1x1ammo1carbII4/cobtpxamcaR/scr/cobtpxamcaR.molden
Processing /Users/timis/Dropbox (MIT)/PhD/CODE/molSimplifyGUI/Runs/POSTPROC/Cotpp1x1ammo1carbIII1/cobtpxamca3/scr/cobtpxamca3.molden

Calculating delocalization indices..

Processing  CO-R_scr_co
Processing  CO-U_scr_co
Processing  Cotpp1x1ammo1carbII4_cobtpxamca3_scr_cobtpxamca3
Processing  Cotpp1x1ammo1carbII4_cobtpxamcaR_scr_cobtpxamcaR
Processing  Cotpp1x1ammo1carbIII1_cobtpxamca3_scr_cobtpxamca3

Calculating charges..

Processing CO-R_scr_co
Processing CO-U_scr_co
Processing Cotpp1x1ammo1carbII4_cobtpxamca3_scr_cobtpxamca3
Processing Cotpp1x1ammo1carbII4_cobtpxamcaR_scr_cobtpxamcaR
Processing Cotpp1x1ammo1carbIII1_cobtpxamca3_scr_cobtpxamca3

Calculating wavefunction properties..

##################### Generating cube files ######################
Processing /Users/timis/Dropbox (MIT)/PhD/CODE/molSimplifyGUI/Runs/POSTPROC/CO-R/scr/co.molden
Processing /Users/timis/Dropbox (MIT)/PhD/CODE/molSimplifyGUI/Runs/POSTPROC/CO-U/scr/co.molden
Processing /Users/timis/Dropbox (MIT)/PhD/CODE/molSimplifyGUI/Runs/POSTPROC/Cotpp1x1ammo1carbII4/cobtpxamca3/scr/cobtpxamca3.molden
Processing /Users/timis/Dropbox (MIT)/PhD/CODE/molSimplifyGUI/Runs/POSTPROC/Cotpp1x1ammo1carbII4/cobtpxamcaR/scr/cobtpxamcaR.molden
Processing /Users/timis/Dropbox (MIT)/PhD/CODE/molSimplifyGUI/Runs/POSTPROC/Cotpp1x1ammo1carbIII1/cobtpxamca3/scr/cobtpxamca3.molden
##################### Getting wavefunction properties ######################
Processing /Users/timis/Dropbox (MIT)/PhD/CODE/molSimplifyGUI/Runs/POSTPROC/CO-R/scr/co.molden
Processing /Users/timis/Dropbox (MIT)/PhD/CODE/molSimplifyGUI/Runs/POSTPROC/CO-U/scr/co.molden
Processing /Users/timis/Dropbox (MIT)/PhD/CODE/molSimplifyGUI/Runs/POSTPROC/Cotpp1x1ammo1carbII4/cobtpxamca3/scr/cobtpxamca3.molden
Processing /Users/timis/Dropbox (MIT)/PhD/CODE/molSimplifyGUI/Runs/POSTPROC/Cotpp1x1ammo1carbII4/cobtpxamcaR/scr/cobtpxamcaR.molden
Processing /Users/timis/Dropbox (MIT)/PhD/CODE/molSimplifyGUI/Runs/POSTPROC/Cotpp1x1ammo1carbIII1/cobtpxamca3/scr/cobtpxamca3.molden

Generating cube files..

##################### Generating cube files ######################
Processing /Users/timis/Dropbox (MIT)/PhD/CODE/molSimplifyGUI/Runs/POSTPROC/CO-R/scr/co.molden
Processing /Users/timis/Dropbox (MIT)/PhD/CODE/molSimplifyGUI/Runs/POSTPROC/CO-U/scr/co.molden
Processing /Users/timis/Dropbox (MIT)/PhD/CODE/molSimplifyGUI/Runs/POSTPROC/Cotpp1x1ammo1carbII4/cobtpxamca3/scr/cobtpxamca3.molden
Processing /Users/timis/Dropbox (MIT)/PhD/CODE/molSimplifyGUI/Runs/POSTPROC/Cotpp1x1ammo1carbII4/cobtpxamcaR/scr/cobtpxamcaR.molden
Processing /Users/timis/Dropbox (MIT)/PhD/CODE/molSimplifyGUI/Runs/POSTPROC/Cotpp1x1ammo1carbIII1/cobtpxamca3/scr/cobtpxamca3.molden



##### Date: 04/12/2016 12:09#####


Getting runs summary..

################## Calculating results summary ##################




##### Date: 04/12/2016 12:10#####


Getting runs summary..

################## Calculating results summary ##################

Processing /home/tim/Dropbox (MIT)/PhD/CODE/molSimplifyGUI/Runs/POSTPROC/Cotpp1x1ammo1carbII4/cobtpxamca3/cobtpxamca3.out
Processing /home/tim/Dropbox (MIT)/PhD/CODE/molSimplifyGUI/Runs/POSTPROC/Cotpp1x1ammo1carbII4/cobtpxamcaR/cobtpxamcaR.out
Processing /home/tim/Dropbox (MIT)/PhD/CODE/molSimplifyGUI/Runs/POSTPROC/Cotpp1x1ammo1carbIII1/cobtpxamca3/cobtpxamca3.out
Processing /home/tim/Dropbox (MIT)/PhD/CODE/molSimplifyGUI/Runs/POSTPROC/CO-R/co.out
Processing /home/tim/Dropbox (MIT)/PhD/CODE/molSimplifyGUI/Runs/POSTPROC/CO-U/co.out
################## Calculating results summary ##################

Processing /home/tim/Dropbox (MIT)/PhD/CODE/molSimplifyGUI/Runs/POSTPROC/Cotpp1x1ammo1carbII4/cobtpxamca3/cobtpxamca3.out
Processing /home/tim/Dropbox (MIT)/PhD/CODE/molSimplifyGUI/Runs/POSTPROC/Cotpp1x1ammo1carbII4/cobtpxamcaR/cobtpxamcaR.out
Processing /home/tim/Dropbox (MIT)/PhD/CODE/molSimplifyGUI/Runs/POSTPROC/Cotpp1x1ammo1carbIII1/cobtpxamca3/cobtpxamca3.out
Processing /home/tim/Dropbox (MIT)/PhD/CODE/molSimplifyGUI/Runs/POSTPROC/CO-R/co.out
Processing /home/tim/Dropbox (MIT)/PhD/CODE/molSimplifyGUI/Runs/POSTPROC/CO-U/co.out



##### Date: 04/12/2016 12:11#####


Getting runs summary..

################## Calculating results summary ##################

Processing /home/tim/Dropbox (MIT)/PhD/CODE/molSimplifyGUI/Runs/POSTPROC/Cotpp1x1ammo1carbII4/cobtpxamca3/cobtpxamca3.out
Processing /home/tim/Dropbox (MIT)/PhD/CODE/molSimplifyGUI/Runs/POSTPROC/Cotpp1x1ammo1carbII4/cobtpxamcaR/cobtpxamcaR.out
Processing /home/tim/Dropbox (MIT)/PhD/CODE/molSimplifyGUI/Runs/POSTPROC/Cotpp1x1ammo1carbIII1/cobtpxamca3/cobtpxamca3.out
Processing /home/tim/Dropbox (MIT)/PhD/CODE/molSimplifyGUI/Runs/POSTPROC/CO-R/co.out
Processing /home/tim/Dropbox (MIT)/PhD/CODE/molSimplifyGUI/Runs/POSTPROC/CO-U/co.out
################## Calculating results summary ##################

Processing /home/tim/Dropbox (MIT)/PhD/CODE/molSimplifyGUI/Runs/POSTPROC/Cotpp1x1ammo1carbII4/cobtpxamca3/cobtpxamca3.out
Processing /home/tim/Dropbox (MIT)/PhD/CODE/molSimplifyGUI/Runs/POSTPROC/Cotpp1x1ammo1carbII4/cobtpxamcaR/cobtpxamcaR.out
Processing /home/tim/Dropbox (MIT)/PhD/CODE/molSimplifyGUI/Runs/POSTPROC/Cotpp1x1ammo1carbIII1/cobtpxamca3/cobtpxamca3.out
Processing /home/tim/Dropbox (MIT)/PhD/CODE/molSimplifyGUI/Runs/POSTPROC/CO-R/co.out
Processing /home/tim/Dropbox (MIT)/PhD/CODE/molSimplifyGUI/Runs/POSTPROC/CO-U/co.out



##### Date: 04/12/2016 12:11#####


Getting runs summary..

################## Calculating results summary ##################

Processing /home/tim/Dropbox (MIT)/PhD/CODE/molSimplifyGUI/Runs/POSTPROC/Cotpp1x1ammo1carbII4/cobtpxamca3/cobtpxamca3.out
Processing /home/tim/Dropbox (MIT)/PhD/CODE/molSimplifyGUI/Runs/POSTPROC/Cotpp1x1ammo1carbII4/cobtpxamcaR/cobtpxamcaR.out
Processing /home/tim/Dropbox (MIT)/PhD/CODE/molSimplifyGUI/Runs/POSTPROC/Cotpp1x1ammo1carbIII1/cobtpxamca3/cobtpxamca3.out
Processing /home/tim/Dropbox (MIT)/PhD/CODE/molSimplifyGUI/Runs/POSTPROC/CO-R/co.out
Processing /home/tim/Dropbox (MIT)/PhD/CODE/molSimplifyGUI/Runs/POSTPROC/CO-U/co.out
################## Calculating results summary ##################

Processing /home/tim/Dropbox (MIT)/PhD/CODE/molSimplifyGUI/Runs/POSTPROC/Cotpp1x1ammo1carbII4/cobtpxamca3/cobtpxamca3.out
Processing /home/tim/Dropbox (MIT)/PhD/CODE/molSimplifyGUI/Runs/POSTPROC/Cotpp1x1ammo1carbII4/cobtpxamcaR/cobtpxamcaR.out
Processing /home/tim/Dropbox (MIT)/PhD/CODE/molSimplifyGUI/Runs/POSTPROC/Cotpp1x1ammo1carbIII1/cobtpxamca3/cobtpxamca3.out
Processing /home/tim/Dropbox (MIT)/PhD/CODE/molSimplifyGUI/Runs/POSTPROC/CO-R/co.out
Processing /home/tim/Dropbox (MIT)/PhD/CODE/molSimplifyGUI/Runs/POSTPROC/CO-U/co.out



##### Date: 04/12/2016 12:11#####


Getting runs summary..

################## Calculating results summary ##################

Processing /home/tim/Dropbox (MIT)/PhD/CODE/molSimplifyGUI/Runs/POSTPROC/Cotpp1x1ammo1carbII4/cobtpxamca3/cobtpxamca3.out
Processing /home/tim/Dropbox (MIT)/PhD/CODE/molSimplifyGUI/Runs/POSTPROC/Cotpp1x1ammo1carbII4/cobtpxamcaR/cobtpxamcaR.out
Processing /home/tim/Dropbox (MIT)/PhD/CODE/molSimplifyGUI/Runs/POSTPROC/Cotpp1x1ammo1carbIII1/cobtpxamca3/cobtpxamca3.out
Processing /home/tim/Dropbox (MIT)/PhD/CODE/molSimplifyGUI/Runs/POSTPROC/CO-R/co.out
Processing /home/tim/Dropbox (MIT)/PhD/CODE/molSimplifyGUI/Runs/POSTPROC/CO-U/co.out
################## Calculating results summary ##################

Processing /home/tim/Dropbox (MIT)/PhD/CODE/molSimplifyGUI/Runs/POSTPROC/Cotpp1x1ammo1carbII4/cobtpxamca3/cobtpxamca3.out
Processing /home/tim/Dropbox (MIT)/PhD/CODE/molSimplifyGUI/Runs/POSTPROC/Cotpp1x1ammo1carbII4/cobtpxamcaR/cobtpxamcaR.out
Processing /home/tim/Dropbox (MIT)/PhD/CODE/molSimplifyGUI/Runs/POSTPROC/Cotpp1x1ammo1carbIII1/cobtpxamca3/cobtpxamca3.out
Processing /home/tim/Dropbox (MIT)/PhD/CODE/molSimplifyGUI/Runs/POSTPROC/CO-R/co.out
Processing /home/tim/Dropbox (MIT)/PhD/CODE/molSimplifyGUI/Runs/POSTPROC/CO-U/co.out



##### Date: 04/12/2016 12:12#####


Getting runs summary..

################## Calculating results summary ##################

Processing Cotpp1x1ammo1carbII4/cobtpxamca3/cobtpxamca3.out
Processing Cotpp1x1ammo1carbII4/cobtpxamcaR/cobtpxamcaR.out
Processing Cotpp1x1ammo1carbIII1/cobtpxamca3/cobtpxamca3.out
Processing CO-R/co.out
Processing CO-U/co.out
################## Calculating results summary ##################

Processing Cotpp1x1ammo1carbII4/cobtpxamca3/cobtpxamca3.out
Processing Cotpp1x1ammo1carbII4/cobtpxamcaR/cobtpxamcaR.out
Processing Cotpp1x1ammo1carbIII1/cobtpxamca3/cobtpxamca3.out
Processing CO-R/co.out
Processing CO-U/co.out



##### Date: 04/12/2016 12:13#####


Getting runs summary..

################## Calculating results summary ##################

Processing Cotpp1x1ammo1carbII4/cobtpxamca3/cobtpxamca3.out
Processing Cotpp1x1ammo1carbII4/cobtpxamcaR/cobtpxamcaR.out
Processing Cotpp1x1ammo1carbIII1/cobtpxamca3/cobtpxamca3.out
Processing CO-R/co.out
Processing CO-U/co.out
################## Calculating results summary ##################

Processing Cotpp1x1ammo1carbII4/cobtpxamca3/cobtpxamca3.out
Processing Cotpp1x1ammo1carbII4/cobtpxamcaR/cobtpxamcaR.out
Processing Cotpp1x1ammo1carbIII1/cobtpxamca3/cobtpxamca3.out
Processing CO-R/co.out
Processing CO-U/co.out

Getting NBO summary..

Processing Cotpp1x1ammo1carbII4/cobtpxamca3/cobtpxamca3.out
Processing Cotpp1x1ammo1carbII4/cobtpxamcaR/cobtpxamcaR.out
Processing Cotpp1x1ammo1carbIII1/cobtpxamca3/cobtpxamca3.out
Processing CO-R/co.out
Processing CO-U/co.out



##### Date: 04/12/2016 12:15#####


Getting runs summary..

################## Calculating results summary ##################

Processing Cotpp1x1ammo1carbII4/cobtpxamca3/cobtpxamca3.out
Processing Cotpp1x1ammo1carbII4/cobtpxamcaR/cobtpxamcaR.out
Processing Cotpp1x1ammo1carbIII1/cobtpxamca3/cobtpxamca3.out
Processing CO-R/co.out
Processing CO-U/co.out
################## Calculating results summary ##################

Processing Cotpp1x1ammo1carbII4/cobtpxamca3/cobtpxamca3.out
Processing Cotpp1x1ammo1carbII4/cobtpxamcaR/cobtpxamcaR.out
Processing Cotpp1x1ammo1carbIII1/cobtpxamca3/cobtpxamca3.out
Processing CO-R/co.out
Processing CO-U/co.out

Getting NBO summary..

Processing Cotpp1x1ammo1carbII4/cobtpxamca3/cobtpxamca3.out
Processing Cotpp1x1ammo1carbII4/cobtpxamcaR/cobtpxamcaR.out
Processing Cotpp1x1ammo1carbIII1/cobtpxamca3/cobtpxamca3.out
Processing CO-R/co.out
Processing CO-U/co.out



##### Date: 04/12/2016 12:15#####


Getting runs summary..

################## Calculating results summary ##################

Processing Cotpp1x1ammo1carbII4/cobtpxamca3/cobtpxamca3.out
Processing Cotpp1x1ammo1carbII4/cobtpxamcaR/cobtpxamcaR.out
Processing Cotpp1x1ammo1carbIII1/cobtpxamca3/cobtpxamca3.out
Processing CO-R/co.out
Processing CO-U/co.out
################## Calculating results summary ##################

Processing Cotpp1x1ammo1carbII4/cobtpxamca3/cobtpxamca3.out
Processing Cotpp1x1ammo1carbII4/cobtpxamcaR/cobtpxamcaR.out
Processing Cotpp1x1ammo1carbIII1/cobtpxamca3/cobtpxamca3.out
Processing CO-R/co.out
Processing CO-U/co.out

Getting NBO summary..

Processing Cotpp1x1ammo1carbII4/cobtpxamca3/cobtpxamca3.out
Processing Cotpp1x1ammo1carbII4/cobtpxamcaR/cobtpxamcaR.out
Processing Cotpp1x1ammo1carbIII1/cobtpxamca3/cobtpxamca3.out
Processing CO-R/co.out
Processing CO-U/co.out

Calculating charges..

Processing Cotpp1x1ammo1carbII4/cobtpxamca3/scr/cobtpxamca3



##### Date: 04/12/2016 12:15#####


Getting runs summary..

################## Calculating results summary ##################

Processing Cotpp1x1ammo1carbII4/cobtpxamca3/cobtpxamca3.out
Processing Cotpp1x1ammo1carbII4/cobtpxamcaR/cobtpxamcaR.out
Processing Cotpp1x1ammo1carbIII1/cobtpxamca3/cobtpxamca3.out
Processing CO-R/co.out
Processing CO-U/co.out
################## Calculating results summary ##################

Processing Cotpp1x1ammo1carbII4/cobtpxamca3/cobtpxamca3.out
Processing Cotpp1x1ammo1carbII4/cobtpxamcaR/cobtpxamcaR.out
Processing Cotpp1x1ammo1carbIII1/cobtpxamca3/cobtpxamca3.out
Processing CO-R/co.out
Processing CO-U/co.out

Getting NBO summary..

Processing Cotpp1x1ammo1carbII4/cobtpxamca3/cobtpxamca3.out
Processing Cotpp1x1ammo1carbII4/cobtpxamcaR/cobtpxamcaR.out
Processing Cotpp1x1ammo1carbIII1/cobtpxamca3/cobtpxamca3.out
Processing CO-R/co.out
Processing CO-U/co.out

Calculating charges..

Processing Cotpp1x1ammo1carbII4_cobtpxamca3_scr_cobtpxamca3
Processing Cotpp1x1ammo1carbII4_cobtpxamcaR_scr_cobtpxamcaR
Processing Cotpp1x1ammo1carbIII1_cobtpxamca3_scr_cobtpxamca3
Processing CO-R_scr_co
Processing CO-U_scr_co



##### Date: 04/12/2016 12:17#####


Getting runs summary..

################## Calculating results summary ##################

Processing Cotpp1x1ammo1carbII4/cobtpxamca3/cobtpxamca3.out
Processing Cotpp1x1ammo1carbII4/cobtpxamcaR/cobtpxamcaR.out
Processing Cotpp1x1ammo1carbIII1/cobtpxamca3/cobtpxamca3.out
Processing CO-R/co.out
Processing CO-U/co.out
################## Calculating results summary ##################

Processing Cotpp1x1ammo1carbII4/cobtpxamca3/cobtpxamca3.out
Processing Cotpp1x1ammo1carbII4/cobtpxamcaR/cobtpxamcaR.out
Processing Cotpp1x1ammo1carbIII1/cobtpxamca3/cobtpxamca3.out
Processing CO-R/co.out
Processing CO-U/co.out

Getting NBO summary..

Processing Cotpp1x1ammo1carbII4/cobtpxamca3/cobtpxamca3.out
Processing Cotpp1x1ammo1carbII4/cobtpxamcaR/cobtpxamcaR.out
Processing Cotpp1x1ammo1carbIII1/cobtpxamca3/cobtpxamca3.out
Processing CO-R/co.out
Processing CO-U/co.out

Calculating charges..

Processing Cotpp1x1ammo1carbII4/cobtpxamca3/scr/cobtpxamca3
Processing Cotpp1x1ammo1carbII4/cobtpxamcaR/scr/cobtpxamcaR
Processing Cotpp1x1ammo1carbIII1/cobtpxamca3/scr/cobtpxamca3
Processing CO-R/scr/co
Processing CO-U/scr/co
