This is XeTeX, Version 3.14159265-2.6-0.99992 (TeX Live 2015) (preloaded format=xelatex 2015.5.24)  24 MAR 2016 19:36
entering extended mode
 restricted \write18 enabled.
 %&-line parsing enabled.
**dirtree.tex
(./dirtree.tex
LaTeX2e <2015/01/01>
Babel <3.9l> and hyphenation patterns for 79 languages loaded.
`dirtree' v0.32, 2012/12/11 (jcc)
\DT@offset=\dimen102
\DT@width=\dimen103
\DT@sep=\dimen104
\DT@all=\dimen105
\DT@rulewidth=\dimen106
\DT@dotwidth=\dimen107
\DTbaselineskip=\dimen108
\DT@counti=\count79
\DT@countii=\count80
\DT@countiii=\count81
\DT@countiv=\count82
\DT@indent=\dimen109
\DT@parskip=\dimen110
\DT@baselineskip=\dimen111
)
! Emergency stop.
<*> dirtree.tex
               
*** (job aborted, no legal \end found)

 
Here is how much of TeX's memory you used:
 36 strings out of 493706
 332 string characters out of 6145769
 53323 words of memory out of 5000000
 3478 multiletter control sequences out of 15000+600000
 3640 words of font info for 14 fonts, out of 8000000 for 9000
 1328 hyphenation exceptions out of 8191
 5i,0n,10p,89b,8s stack positions out of 5000i,500n,10000p,200000b,80000s
No pages of output.
