\BOOKMARK [1][-]{section.1}{Directory\040tree}{}% 1
\BOOKMARK [1][-]{section.2}{Classes}{}% 2
\BOOKMARK [2][-]{subsection.2.1}{atom3D.py}{section.2}% 3
\BOOKMARK [3][-]{subsubsection.2.1.1}{__init__\(\)}{subsection.2.1}% 4
\BOOKMARK [3][-]{subsubsection.2.1.2}{coords\(\)}{subsection.2.1}% 5
\BOOKMARK [3][-]{subsubsection.2.1.3}{distance\(\)}{subsection.2.1}% 6
\BOOKMARK [3][-]{subsubsection.2.1.4}{distancev\(\)}{subsection.2.1}% 7
\BOOKMARK [3][-]{subsubsection.2.1.5}{ismetal\(\)}{subsection.2.1}% 8
\BOOKMARK [3][-]{subsubsection.2.1.6}{symbol\(\)}{subsection.2.1}% 9
\BOOKMARK [3][-]{subsubsection.2.1.7}{translate\(\)}{subsection.2.1}% 10
\BOOKMARK [3][-]{subsubsection.2.1.8}{__repr__\(\)}{subsection.2.1}% 11
\BOOKMARK [2][-]{subsection.2.2}{globalvars.py}{section.2}% 12
\BOOKMARK [3][-]{subsubsection.2.2.1}{mybash\(\)}{subsection.2.2}% 13
\BOOKMARK [3][-]{subsubsection.2.2.2}{__init__\(\)}{subsection.2.2}% 14
\BOOKMARK [3][-]{subsubsection.2.2.3}{amass\(\)}{subsection.2.2}% 15
\BOOKMARK [3][-]{subsubsection.2.2.4}{metals\(\)}{subsection.2.2}% 16
\BOOKMARK [3][-]{subsubsection.2.2.5}{elementsbynum\(\)}{subsection.2.2}% 17
\BOOKMARK [2][-]{subsection.2.3}{mGUI.py}{section.2}% 18
\BOOKMARK [3][-]{subsubsection.2.3.1}{__init__\(\)}{subsection.2.3}% 19
\BOOKMARK [3][-]{subsubsection.2.3.2}{qDBload\(\)}{subsection.2.3}% 20
\BOOKMARK [3][-]{subsubsection.2.3.3}{enableDB\(\)}{subsection.2.3}% 21
\BOOKMARK [3][-]{subsubsection.2.3.4}{qaddDB\(\)}{subsection.2.3}% 22
\BOOKMARK [3][-]{subsubsection.2.3.5}{qdelDB\(\)}{subsection.2.3}% 23
\BOOKMARK [3][-]{subsubsection.2.3.6}{dbchange\(\)}{subsection.2.3}% 24
\BOOKMARK [3][-]{subsubsection.2.3.7}{postprocGUI\(\)}{subsection.2.3}% 25
\BOOKMARK [3][-]{subsubsection.2.3.8}{qcDBload\(\)}{subsection.2.3}% 26
\BOOKMARK [3][-]{subsubsection.2.3.9}{searchDBW\(\)}{subsection.2.3}% 27
\BOOKMARK [3][-]{subsubsection.2.3.10}{qaddcDB\(\)}{subsection.2.3}% 28
\BOOKMARK [3][-]{subsubsection.2.3.11}{cdbchange\(\)}{subsection.2.3}% 29
\BOOKMARK [3][-]{subsubsection.2.3.12}{runGUI\(\)}{subsection.2.3}% 30
\BOOKMARK [3][-]{subsubsection.2.3.13}{drawligs\(\)}{subsection.2.3}% 31
\BOOKMARK [3][-]{subsubsection.2.3.14}{enableffinput\(\)}{subsection.2.3}% 32
\BOOKMARK [3][-]{subsubsection.2.3.15}{dirload\(\)}{subsection.2.3}% 33
\BOOKMARK [3][-]{subsubsection.2.3.16}{qdumpS\(\)}{subsection.2.3}% 34
\BOOKMARK [3][-]{subsubsection.2.3.17}{getscreensize\(\)}{subsection.2.3}% 35
\BOOKMARK [3][-]{subsubsection.2.3.18}{sliderChanged\(\)}{subsection.2.3}% 36
\BOOKMARK [3][-]{subsubsection.2.3.19}{matchgeomcoord\(\)}{subsection.2.3}% 37
\BOOKMARK [3][-]{subsubsection.2.3.20}{enableemol\(\)}{subsection.2.3}% 38
\BOOKMARK [3][-]{subsubsection.2.3.21}{qcinput\(\)}{subsection.2.3}% 39
\BOOKMARK [3][-]{subsubsection.2.3.22}{jobdef\(\)}{subsection.2.3}% 40
\BOOKMARK [3][-]{subsubsection.2.3.23}{qctdef\(\)}{subsection.2.3}% 41
\BOOKMARK [3][-]{subsubsection.2.3.24}{qcgdef\(\)}{subsection.2.3}% 42
\BOOKMARK [3][-]{subsubsection.2.3.25}{qcqdef\(\)}{subsection.2.3}% 43
\BOOKMARK [3][-]{subsubsection.2.3.26}{enableqeinput\(\)}{subsection.2.3}% 44
\BOOKMARK [3][-]{subsubsection.2.3.27}{enablejinput\(\)}{subsection.2.3}% 45
\BOOKMARK [3][-]{subsubsection.2.3.28}{jobenable\(\)}{subsection.2.3}% 46
\BOOKMARK [3][-]{subsubsection.2.3.29}{setupp\(\)}{subsection.2.3}% 47
\BOOKMARK [3][-]{subsubsection.2.3.30}{pdload\(\)}{subsection.2.3}% 48
\BOOKMARK [2][-]{subsection.2.4}{mol3D.py}{section.2}% 49
\BOOKMARK [3][-]{subsubsection.2.4.1}{__init__\(\)}{subsection.2.4}% 50
\BOOKMARK [3][-]{subsubsection.2.4.2}{addatom\(\)}{subsection.2.4}% 51
\BOOKMARK [3][-]{subsubsection.2.4.3}{alignmol\(\)}{subsection.2.4}% 52
\BOOKMARK [3][-]{subsubsection.2.4.4}{centermass\(\)}{subsection.2.4}% 53
\BOOKMARK [3][-]{subsubsection.2.4.5}{centersym\(\)}{subsection.2.4}% 54
\BOOKMARK [3][-]{subsubsection.2.4.6}{convert2mol3D\(\)}{subsection.2.4}% 55
\BOOKMARK [3][-]{subsubsection.2.4.7}{combine\(\)}{subsection.2.4}% 56
\BOOKMARK [3][-]{subsubsection.2.4.8}{coordsvec\(\)}{subsection.2.4}% 57
\BOOKMARK [3][-]{subsubsection.2.4.9}{copymol3D\(\)}{subsection.2.4}% 58
\BOOKMARK [3][-]{subsubsection.2.4.10}{deleteatom\(\)}{subsection.2.4}% 59
\BOOKMARK [3][-]{subsubsection.2.4.11}{deleteatoms\(\)}{subsection.2.4}% 60
\BOOKMARK [3][-]{subsubsection.2.4.12}{deleteHs\(\)}{subsection.2.4}% 61
\BOOKMARK [3][-]{subsubsection.2.4.13}{distance\(\)}{subsection.2.4}% 62
\BOOKMARK [3][-]{subsubsection.2.4.14}{findcloseMetal\(\)}{subsection.2.4}% 63
\BOOKMARK [3][-]{subsubsection.2.4.15}{findAtomsbySymbol\(\)}{subsection.2.4}% 64
\BOOKMARK [3][-]{subsubsection.2.4.16}{findsubMol\(\)}{subsection.2.4}% 65
\BOOKMARK [3][-]{subsubsection.2.4.17}{getAtom\(\)}{subsection.2.4}% 66
\BOOKMARK [3][-]{subsubsection.2.4.18}{getAtoms\(\)}{subsection.2.4}% 67
\BOOKMARK [3][-]{subsubsection.2.4.19}{getBondedAtoms\(\)}{subsection.2.4}% 68
\BOOKMARK [3][-]{subsubsection.2.4.20}{getBondedAtomsnotH\(\)}{subsection.2.4}% 69
\BOOKMARK [3][-]{subsubsection.2.4.21}{getHs\(\)}{subsection.2.4}% 70
\BOOKMARK [3][-]{subsubsection.2.4.22}{getHsbyAtom\(\)}{subsection.2.4}% 71
\BOOKMARK [3][-]{subsubsection.2.4.23}{getClosestAtom\(\)}{subsection.2.4}% 72
\BOOKMARK [3][-]{subsubsection.2.4.24}{getMask\(\)}{subsection.2.4}% 73
\BOOKMARK [3][-]{subsubsection.2.4.25}{getClosestAtomnoHs\(\)}{subsection.2.4}% 74
\BOOKMARK [3][-]{subsubsection.2.4.26}{getOBmol\(\)}{subsection.2.4}% 75
\BOOKMARK [3][-]{subsubsection.2.4.27}{initialize\(\)}{subsection.2.4}% 76
\BOOKMARK [3][-]{subsubsection.2.4.28}{maxdist\(\)}{subsection.2.4}% 77
\BOOKMARK [3][-]{subsubsection.2.4.29}{mindist\(\)}{subsection.2.4}% 78
\BOOKMARK [3][-]{subsubsection.2.4.30}{mindistmol\(\)}{subsection.2.4}% 79
\BOOKMARK [3][-]{subsubsection.2.4.31}{mindistnoH\(\)}{subsection.2.4}% 80
\BOOKMARK [3][-]{subsubsection.2.4.32}{molsize\(\)}{subsection.2.4}% 81
\BOOKMARK [3][-]{subsubsection.2.4.33}{overlapcheck\(\)}{subsection.2.4}% 82
\BOOKMARK [3][-]{subsubsection.2.4.34}{printxyz\(\)}{subsection.2.4}% 83
\BOOKMARK [3][-]{subsubsection.2.4.35}{readfromxyz\(\)}{subsection.2.4}% 84
\BOOKMARK [3][-]{subsubsection.2.4.36}{rmsd\(\)}{subsection.2.4}% 85
\BOOKMARK [3][-]{subsubsection.2.4.37}{sanitycheck\(\)}{subsection.2.4}% 86
\BOOKMARK [3][-]{subsubsection.2.4.38}{translate\(\)}{subsection.2.4}% 87
\BOOKMARK [3][-]{subsubsection.2.4.39}{writegxyz\(\)}{subsection.2.4}% 88
\BOOKMARK [3][-]{subsubsection.2.4.40}{writexyz\(\)}{subsection.2.4}% 89
\BOOKMARK [3][-]{subsubsection.2.4.41}{writemxyz\(\)}{subsection.2.4}% 90
\BOOKMARK [3][-]{subsubsection.2.4.42}{__repr__\(\)}{subsection.2.4}% 91
\BOOKMARK [2][-]{subsection.2.5}{mWidgets.py}{section.2}% 92
\BOOKMARK [1][-]{section.3}{Scripts}{}% 93
\BOOKMARK [2][-]{subsection.3.1}{addtodb.py}{section.3}% 94
\BOOKMARK [3][-]{subsubsection.3.1.1}{addtolb\(\)}{subsection.3.1}% 95
\BOOKMARK [3][-]{subsubsection.3.1.2}{addtocdb\(\)}{subsection.3.1}% 96
\BOOKMARK [3][-]{subsubsection.3.1.3}{addtobdb\(\)}{subsection.3.1}% 97
\BOOKMARK [3][-]{subsubsection.3.1.4}{removefromDB\(\)}{subsection.3.1}% 98
\BOOKMARK [2][-]{subsection.3.2}{dbinteract.py}{section.3}% 99
\BOOKMARK [3][-]{subsubsection.3.2.1}{setupdb\(\)}{subsection.3.2}% 100
\BOOKMARK [3][-]{subsubsection.3.2.2}{obfilters\(\)}{subsection.3.2}% 101
\BOOKMARK [3][-]{subsubsection.3.2.3}{checkscr\(\)}{subsection.3.2}% 102
\BOOKMARK [3][-]{subsubsection.3.2.4}{getsimllar\(\)}{subsection.3.2}% 103
\BOOKMARK [3][-]{subsubsection.3.2.5}{stripsalts\(\)}{subsection.3.2}% 104
\BOOKMARK [3][-]{subsubsection.3.2.6}{matchsmarts\(\)}{subsection.3.2}% 105
\BOOKMARK [3][-]{subsubsection.3.2.7}{dbsearch\(\)}{subsection.3.2}% 106
\BOOKMARK [2][-]{subsection.3.3}{generator.py}{section.3}% 107
\BOOKMARK [3][-]{subsubsection.3.3.1}{startgen\(\)}{subsection.3.3}% 108
\BOOKMARK [2][-]{subsection.3.4}{geometry.py}{section.3}% 109
\BOOKMARK [3][-]{subsubsection.3.4.1}{norm\(\)}{subsection.3.4}% 110
\BOOKMARK [3][-]{subsubsection.3.4.2}{distance\(\)}{subsection.3.4}% 111
\BOOKMARK [3][-]{subsubsection.3.4.3}{vecdiff\(\)}{subsection.3.4}% 112
\BOOKMARK [3][-]{subsubsection.3.4.4}{checkcolinear\(\)}{subsection.3.4}% 113
\BOOKMARK [3][-]{subsubsection.3.4.5}{vecangle\(\)}{subsection.3.4}% 114
\BOOKMARK [3][-]{subsubsection.3.4.6}{rotation_params\(\)}{subsection.3.4}% 115
\BOOKMARK [3][-]{subsubsection.3.4.7}{kabsch\(\)}{subsection.3.4}% 116
\BOOKMARK [3][-]{subsubsection.3.4.8}{ReflectPlane\(\)}{subsection.3.4}% 117
\BOOKMARK [3][-]{subsubsection.3.4.9}{PointRotateAxis\(\)}{subsection.3.4}% 118
\BOOKMARK [3][-]{subsubsection.3.4.10}{PointTranslateSph\(\)}{subsection.3.4}% 119
\BOOKMARK [3][-]{subsubsection.3.4.11}{PointRotateSph\(\)}{subsection.3.4}% 120
\BOOKMARK [3][-]{subsubsection.3.4.12}{reflect_through_plance\(\)}{subsection.3.4}% 121
\BOOKMARK [3][-]{subsubsection.3.4.13}{rotate_around_axis\(\)}{subsection.3.4}% 122
\BOOKMARK [3][-]{subsubsection.3.4.14}{setPdistance\(\)}{subsection.3.4}% 123
\BOOKMARK [3][-]{subsubsection.3.4.15}{setcmdistance\(\)}{subsection.3.4}% 124
\BOOKMARK [3][-]{subsubsection.3.4.16}{protate\(\)}{subsection.3.4}% 125
\BOOKMARK [3][-]{subsubsection.3.4.17}{cmrotate\(\)}{subsection.3.4}% 126
\BOOKMARK [3][-]{subsubsection.3.4.18}{rotateRef\(\)}{subsection.3.4}% 127
\BOOKMARK [3][-]{subsubsection.3.4.19}{aligntoaxis\(\)}{subsection.3.4}% 128
\BOOKMARK [2][-]{subsection.3.5}{grabguivars.py}{section.3}% 129
\BOOKMARK [3][-]{subsubsection.3.5.1}{writeinputc\(\)}{subsection.3.5}% 130
\BOOKMARK [3][-]{subsubsection.3.5.2}{writeinputp\(\)}{subsection.3.5}% 131
\BOOKMARK [3][-]{subsubsection.3.5.3}{writeinputf\(\)}{subsection.3.5}% 132
\BOOKMARK [3][-]{subsubsection.3.5.4}{grabguivars\(\)}{subsection.3.5}% 133
\BOOKMARK [3][-]{subsubsection.3.5.5}{grabguivarstc\(\)}{subsection.3.5}% 134
\BOOKMARK [3][-]{subsubsection.3.5.6}{grabguivarsgam\(\)}{subsection.3.5}% 135
\BOOKMARK [3][-]{subsubsection.3.5.7}{grabguivarsqch\(\)}{subsection.3.5}% 136
\BOOKMARK [3][-]{subsubsection.3.5.8}{grabguivarsjob\(\)}{subsection.3.5}% 137
\BOOKMARK [3][-]{subsubsection.3.5.9}{grabdbguivars\(\)}{subsection.3.5}% 138
\BOOKMARK [3][-]{subsubsection.3.5.10}{grabguivarsP\(\)}{subsection.3.5}% 139
\BOOKMARK [3][-]{subsubsection.3.5.11}{loadfrominputtc\(\)}{subsection.3.5}% 140
\BOOKMARK [3][-]{subsubsection.3.5.12}{loadfrominputgam\(\)}{subsection.3.5}% 141
\BOOKMARK [3][-]{subsubsection.3.5.13}{loadfrominputqch\(\)}{subsection.3.5}% 142
\BOOKMARK [3][-]{subsubsection.3.5.14}{loadfrominputjob\(\)}{subsection.3.5}% 143
\BOOKMARK [3][-]{subsubsection.3.5.15}{loadfrominputfile\(\)}{subsection.3.5}% 144
\BOOKMARK [2][-]{subsection.3.6}{inparse.py}{section.3}% 145
\BOOKMARK [3][-]{subsubsection.3.6.1}{checkinput\(\)}{subsection.3.6}% 146
\BOOKMARK [3][-]{subsubsection.3.6.2}{cleaninput\(\)}{subsection.3.6}% 147
\BOOKMARK [3][-]{subsubsection.3.6.3}{parseinput\(\)}{subsection.3.6}% 148
\BOOKMARK [3][-]{subsubsection.3.6.4}{parsecommandline\(\)}{subsection.3.6}% 149
\BOOKMARK [2][-]{subsection.3.7}{io.py}{section.3}% 150
\BOOKMARK [3][-]{subsubsection.3.7.1}{getgeoms\(\)}{subsection.3.7}% 151
\BOOKMARK [3][-]{subsubsection.3.7.2}{readdict\(\)}{subsection.3.7}% 152
\BOOKMARK [3][-]{subsubsection.3.7.3}{getligs\(\)}{subsection.3.7}% 153
\BOOKMARK [3][-]{subsubsection.3.7.4}{checkTMsmiles\(\)}{subsection.3.7}% 154
\BOOKMARK [3][-]{subsubsection.3.7.5}{getbinds\(\)}{subsection.3.7}% 155
\BOOKMARK [3][-]{subsubsection.3.7.6}{loaddata\(\)}{subsection.3.7}% 156
\BOOKMARK [3][-]{subsubsection.3.7.7}{core_load\(\)}{subsection.3.7}% 157
\BOOKMARK [3][-]{subsubsection.3.7.8}{lig_load\(\)}{subsection.3.7}% 158
\BOOKMARK [3][-]{subsubsection.3.7.9}{bind_load\(\)}{subsection.3.7}% 159
\BOOKMARK [2][-]{subsection.3.8}{jobgen.py}{section.3}% 160
\BOOKMARK [3][-]{subsubsection.3.8.1}{sgejobgen\(\)}{subsection.3.8}% 161
\BOOKMARK [3][-]{subsubsection.3.8.2}{slurmjobgen\(\)}{subsection.3.8}% 162
\BOOKMARK [2][-]{subsection.3.9}{postmold.py}{section.3}% 163
\BOOKMARK [3][-]{subsubsection.3.9.1}{getrange\(\)}{subsection.3.9}% 164
\BOOKMARK [3][-]{subsubsection.3.9.2}{parsed\(\)}{subsection.3.9}% 165
\BOOKMARK [3][-]{subsubsection.3.9.3}{getresd\(\)}{subsection.3.9}% 166
\BOOKMARK [3][-]{subsubsection.3.9.4}{moldpost\(\)}{subsection.3.9}% 167
\BOOKMARK [2][-]{subsection.3.10}{postmwfn.py}{section.3}% 168
\BOOKMARK [3][-]{subsubsection.3.10.1}{calculate_integral\(\)}{subsection.3.10}% 169
\BOOKMARK [3][-]{subsubsection.3.10.2}{spreadcalc\(\)}{subsection.3.10}% 170
\BOOKMARK [3][-]{subsubsection.3.10.3}{calcHELP\(\)}{subsection.3.10}% 171
\BOOKMARK [3][-]{subsubsection.3.10.4}{parsecube\(\)}{subsection.3.10}% 172
\BOOKMARK [3][-]{subsubsection.3.10.5}{wfncalc\(\)}{subsection.3.10}% 173
\BOOKMARK [3][-]{subsubsection.3.10.6}{cubespin\(\)}{subsection.3.10}% 174
\BOOKMARK [3][-]{subsubsection.3.10.7}{getcubes\(\)}{subsection.3.10}% 175
\BOOKMARK [3][-]{subsubsection.3.10.8}{getwfnprops\(\)}{subsection.3.10}% 176
\BOOKMARK [3][-]{subsubsection.3.10.9}{getcharges\(\)}{subsection.3.10}% 177
\BOOKMARK [3][-]{subsubsection.3.10.10}{deloc\(\)}{subsection.3.10}% 178
\BOOKMARK [2][-]{subsection.3.11}{postparse.py}{section.3}% 179
\BOOKMARK [3][-]{subsubsection.3.11.1}{nbo_parser\(\)}{subsection.3.11}% 180
\BOOKMARK [3][-]{subsubsection.3.11.2}{nbopost\(\)}{subsection.3.11}% 181
\BOOKMARK [3][-]{subsubsection.3.11.3}{gampost\(\)}{subsection.3.11}% 182
\BOOKMARK [3][-]{subsubsection.3.11.4}{terapost\(\)}{subsection.3.11}% 183
\BOOKMARK [2][-]{subsection.3.12}{postproc.py}{section.3}% 184
\BOOKMARK [2][-]{subsection.3.13}{qcgen.py}{section.3}% 185
\BOOKMARK [3][-]{subsubsection.3.13.1}{multitcgen\(\)}{subsection.3.13}% 186
\BOOKMARK [3][-]{subsubsection.3.13.2}{tcgen\(\)}{subsection.3.13}% 187
\BOOKMARK [3][-]{subsubsection.3.13.3}{xyz2gxyz\(\)}{subsection.3.13}% 188
\BOOKMARK [3][-]{subsubsection.3.13.4}{tcgen\(\)}{subsection.3.13}% 189
\BOOKMARK [3][-]{subsubsection.3.13.5}{multigamgen\(\)}{subsection.3.13}% 190
\BOOKMARK [2][-]{subsection.3.14}{qcgen.py}{section.3}% 191
\BOOKMARK [3][-]{subsubsection.3.14.1}{tcgen\(\)}{subsection.3.14}% 192
\BOOKMARK [3][-]{subsubsection.3.14.2}{multitcgen\(\)}{subsection.3.14}% 193
\BOOKMARK [2][-]{subsection.3.15}{rungen.py}{section.3}% 194
\BOOKMARK [3][-]{subsubsection.3.15.1}{randomgen\(\)}{subsection.3.15}% 195
\BOOKMARK [3][-]{subsubsection.3.15.2}{getconstsample\(\)}{subsection.3.15}% 196
\BOOKMARK [3][-]{subsubsection.3.15.3}{constrgen\(\)}{subsection.3.15}% 197
\BOOKMARK [3][-]{subsubsection.3.15.4}{multigenruns\(\)}{subsection.3.15}% 198
\BOOKMARK [3][-]{subsubsection.3.15.5}{checkmultilig\(\)}{subsection.3.15}% 199
\BOOKMARK [3][-]{subsubsection.3.15.6}{rungen\(\)}{subsection.3.15}% 200
\BOOKMARK [2][-]{subsection.3.16}{structgen.py}{section.3}% 201
\BOOKMARK [3][-]{subsubsection.3.16.1}{setdiff\(\)}{subsection.3.16}% 202
\BOOKMARK [3][-]{subsubsection.3.16.2}{getbackcombs\(\)}{subsection.3.16}% 203
\BOOKMARK [3][-]{subsubsection.3.16.3}{getnupdateb\(\)}{subsection.3.16}% 204
\BOOKMARK [3][-]{subsubsection.3.16.4}{getsmilescat\(\)}{subsection.3.16}% 205
\BOOKMARK [3][-]{subsubsection.3.16.5}{getsmident\(\)}{subsection.3.16}% 206
\BOOKMARK [3][-]{subsubsection.3.16.6}{modifybackbone\(\)}{subsection.3.16}% 207
\BOOKMARK [3][-]{subsubsection.3.16.7}{modifybackbonep\(\)}{subsection.3.16}% 208
\BOOKMARK [3][-]{subsubsection.3.16.8}{distortbackbone\(\)}{subsection.3.16}% 209
\BOOKMARK [3][-]{subsubsection.3.16.9}{getbondlength\(\)}{subsection.3.16}% 210
\BOOKMARK [3][-]{subsubsection.3.16.10}{ffopt\(\)}{subsection.3.16}% 211
\BOOKMARK [3][-]{subsubsection.3.16.11}{ffoptd\(\)}{subsection.3.16}% 212
\BOOKMARK [3][-]{subsubsection.3.16.12}{getconnection\(\)}{subsection.3.16}% 213
\BOOKMARK [3][-]{subsubsection.3.16.13}{mcomplex\(\)}{subsection.3.16}% 214
\BOOKMARK [3][-]{subsubsection.3.16.14}{customcore\(\)}{subsection.3.16}% 215
\BOOKMARK [3][-]{subsubsection.3.16.15}{structgen\(\)}{subsection.3.16}% 216
\BOOKMARK [1][-]{section.4}{Data\040files}{}% 217
\BOOKMARK [2][-]{subsection.4.1}{Core\040dictionary}{section.4}% 218
\BOOKMARK [2][-]{subsection.4.2}{Ligand\040dictionary}{section.4}% 219
\BOOKMARK [2][-]{subsection.4.3}{Extra\040molecule\040dictionary}{section.4}% 220
\BOOKMARK [2][-]{subsection.4.4}{Simple\040ligands\040dictionary}{section.4}% 221
\BOOKMARK [2][-]{subsection.4.5}{Metal-ligand\040bond\040lengths}{section.4}% 222
\BOOKMARK [2][-]{subsection.4.6}{Backbone\040files}{section.4}% 223
